<?xml version="1.0" encoding="UTF-8"?>
<testsuite name="hello.HelloControllerTest" time="0.06" tests="1" errors="0" skipped="0" failures="1">
  <properties>
[...]
</properties>
  <testcase name="getHello" classname="hello.HelloControllerTest" time="0.06">
    <failure message="Status expected:&lt;200&gt; but was:&lt;404&gt;" type="java.lang.AssertionError"><![CDATA[java.lang.AssertionError: Status expected:<200> but was:<404>
	at org.springframework.test.util.AssertionErrors.fail(AssertionErrors.java:54)
	at org.springframework.test.util.AssertionErrors.assertEquals(AssertionErrors.java:81)
	at org.springframework.test.web.servlet.result.StatusResultMatchers$10.match(StatusResultMatchers.java:665)
	at org.springframework.test.web.servlet.MockMvc$1.andExpect(MockMvc.java:171)
	at hello.HelloControllerTest.getHello(HelloControllerTest.java:28)
]]></failure>
    <system-out><![CDATA[15:43:56.986 [main] DEBUG org.springframework.test.context.junit4.SpringJUnit4ClassRunner - SpringJUnit4ClassRunner constructor called with [class hello.HelloControllerTest]
15:43:56.991 [main] DEBUG org.springframework.test.context.BootstrapUtils - Instantiating CacheAwareContextLoaderDelegate from class [org.springframework.test.context.cache.DefaultCacheAwareContextLoaderDelegate]
15:43:57.005 [main] DEBUG org.springframework.test.context.BootstrapUtils - Instantiating BootstrapContext using constructor [public org.springframework.test.context.support.DefaultBootstrapContext(java.lang.Class,org.springframework.test.context.CacheAwareContextLoaderDelegate)]
15:43:57.024 [main] DEBUG org.springframework.test.context.BootstrapUtils - Instantiating TestContextBootstrapper for test class [hello.HelloControllerTest] from class [org.springframework.boot.test.context.SpringBootTestContextBootstrapper]
15:43:57.033 [main] INFO org.springframework.boot.test.context.SpringBootTestContextBootstrapper - Neither @ContextConfiguration nor @ContextHierarchy found for test class [hello.HelloControllerTest], using SpringBootContextLoader
15:43:57.036 [main] DEBUG org.springframework.test.context.support.AbstractContextLoader - Did not detect default resource location for test class [hello.HelloControllerTest]: class path resource [hello/HelloControllerTest-context.xml] does not exist
15:43:57.036 [main] DEBUG org.springframework.test.context.support.AbstractContextLoader - Did not detect default resource location for test class [hello.HelloControllerTest]: class path resource [hello/HelloControllerTestContext.groovy] does not exist
15:43:57.036 [main] INFO org.springframework.test.context.support.AbstractContextLoader - Could not detect default resource locations for test class [hello.HelloControllerTest]: no resource found for suffixes {-context.xml, Context.groovy}.
15:43:57.037 [main] INFO org.springframework.test.context.support.AnnotationConfigContextLoaderUtils - Could not detect default configuration classes for test class [hello.HelloControllerTest]: HelloControllerTest does not declare any static, non-private, non-final, nested classes annotated with @Configuration.
15:43:57.080 [main] DEBUG org.springframework.test.context.support.ActiveProfilesUtils - Could not find an 'annotation declaring class' for annotation type [org.springframework.test.context.ActiveProfiles] and class [hello.HelloControllerTest]
15:43:57.086 [main] DEBUG org.springframework.core.env.StandardEnvironment - Adding PropertySource 'systemProperties' with lowest search precedence
15:43:57.087 [main] DEBUG org.springframework.core.env.StandardEnvironment - Adding PropertySource 'systemEnvironment' with lowest search precedence
15:43:57.087 [main] DEBUG org.springframework.core.env.StandardEnvironment - Initialized StandardEnvironment with PropertySources [MapPropertySource@1863932867 {name='systemProperties', properties={java.runtime.name=Java(TM) SE Runtime Environment, sun.boot.library.path=C:\Program Files\Java\jdk1.8.0_151\jre\bin, java.vm.version=25.151-b12, java.vm.vendor=Oracle Corporation, java.vendor.url=http://java.oracle.com/, path.separator=;, java.vm.name=Java HotSpot(TM) 64-Bit Server VM, file.encoding.pkg=sun.io, user.country=US, user.script=, sun.java.launcher=SUN_STANDARD, sun.os.patch.level=, java.vm.specification.name=Java Virtual Machine Specification, user.dir=D:\Backup Softvision\Projects\REST_Learn, java.runtime.version=1.8.0_151-b12, basedir=D:\Backup Softvision\Projects\REST_Learn, java.awt.graphicsenv=sun.awt.Win32GraphicsEnvironment, java.endorsed.dirs=C:\Program Files\Java\jdk1.8.0_151\jre\lib\endorsed, os.arch=amd64, surefire.real.class.path=D:\Backup Softvision\Projects\REST_Learn\target\surefire\surefirebooter2656535735922352547.jar, java.io.tmpdir=C:\Users\CRISTI~1.MAN\AppData\Local\Temp\, line.separator=
, java.vm.specification.vendor=Oracle Corporation, user.variant=, os.name=Windows 10, sun.jnu.encoding=Cp1252, java.library.path=C:\Program Files\Java\jdk1.8.0_151\jre\bin;C:\Windows\Sun\Java\bin;C:\Windows\system32;C:\Windows;C:\Program Files\Java\jdk1.8.0_151\bin;C:\ProgramData\Oracle\Java\javapath;C:\Windows\system32;C:\Windows;C:\Windows\System32\Wbem;C:\Windows\System32\WindowsPowerShell\v1.0\;C:\Program Files (x86)\Kaspersky Lab\Kaspersky Endpoint Security 10 for Windows SP2\;C:\Program Files\PuTTY\;C:\Program Files (x86)\Skype\Phone\;C:\Program Files\Git\cmd;D:\apache-maven-3.3.9\bin;C:\Users\cristina.manitiu\AppData\Local\Microsoft\WindowsApps;;., surefire.test.class.path=D:\Backup Softvision\Projects\REST_Learn\target\test-classes;D:\Backup Softvision\Projects\REST_Learn\target\classes;C:\Users\cristina.manitiu\.m2\repository\org\springframework\boot\spring-boot-starter-web\1.5.9.RELEASE\spring-boot-starter-web-1.5.9.RELEASE.jar;C:\Users\cristina.manitiu\.m2\repository\org\springframework\boot\spring-boot-starter\1.5.9.RELEASE\spring-boot-starter-1.5.9.RELEASE.jar;C:\Users\cristina.manitiu\.m2\repository\org\springframework\boot\spring-boot\1.5.9.RELEASE\spring-boot-1.5.9.RELEASE.jar;C:\Users\cristina.manitiu\.m2\repository\org\springframework\boot\spring-boot-autoconfigure\1.5.9.RELEASE\spring-boot-autoconfigure-1.5.9.RELEASE.jar;C:\Users\cristina.manitiu\.m2\repository\org\springframework\boot\spring-boot-starter-logging\1.5.9.RELEASE\spring-boot-starter-logging-1.5.9.RELEASE.jar;C:\Users\cristina.manitiu\.m2\repository\ch\qos\logback\logback-classic\1.1.11\logback-classic-1.1.11.jar;C:\Users\cristina.manitiu\.m2\repository\ch\qos\logback\logback-core\1.1.11\logback-core-1.1.11.jar;C:\Users\cristina.manitiu\.m2\repository\org\slf4j\jcl-over-slf4j\1.7.25\jcl-over-slf4j-1.7.25.jar;C:\Users\cristina.manitiu\.m2\repository\org\slf4j\jul-to-slf4j\1.7.25\jul-to-slf4j-1.7.25.jar;C:\Users\cristina.manitiu\.m2\repository\org\slf4j\log4j-over-slf4j\1.7.25\log4j-over-slf4j-1.7.25.jar;C:\Users\cristina.manitiu\.m2\repository\org\yaml\snakeyaml\1.17\snakeyaml-1.17.jar;C:\Users\cristina.manitiu\.m2\repository\org\springframework\boot\spring-boot-starter-tomcat\1.5.9.RELEASE\spring-boot-starter-tomcat-1.5.9.RELEASE.jar;C:\Users\cristina.manitiu\.m2\repository\org\apache\tomcat\embed\tomcat-embed-core\8.5.23\tomcat-embed-core-8.5.23.jar;C:\Users\cristina.manitiu\.m2\repository\org\apache\tomcat\tomcat-annotations-api\8.5.23\tomcat-annotations-api-8.5.23.jar;C:\Users\cristina.manitiu\.m2\repository\org\apache\tomcat\embed\tomcat-embed-el\8.5.23\tomcat-embed-el-8.5.23.jar;C:\Users\cristina.manitiu\.m2\repository\org\apache\tomcat\embed\tomcat-embed-websocket\8.5.23\tomcat-embed-websocket-8.5.23.jar;C:\Users\cristina.manitiu\.m2\repository\org\hibernate\hibernate-validator\5.3.6.Final\hibernate-validator-5.3.6.Final.jar;C:\Users\cristina.manitiu\.m2\repository\javax\validation\validation-api\1.1.0.Final\validation-api-1.1.0.Final.jar;C:\Users\cristina.manitiu\.m2\repository\org\jboss\logging\jboss-logging\3.3.1.Final\jboss-logging-3.3.1.Final.jar;C:\Users\cristina.manitiu\.m2\repository\com\fasterxml\classmate\1.3.4\classmate-1.3.4.jar;C:\Users\cristina.manitiu\.m2\repository\com\fasterxml\jackson\core\jackson-databind\2.8.10\jackson-databind-2.8.10.jar;C:\Users\cristina.manitiu\.m2\repository\com\fasterxml\jackson\core\jackson-annotations\2.8.0\jackson-annotations-2.8.0.jar;C:\Users\cristina.manitiu\.m2\repository\com\fasterxml\jackson\core\jackson-core\2.8.10\jackson-core-2.8.10.jar;C:\Users\cristina.manitiu\.m2\repository\org\springframework\spring-web\4.3.13.RELEASE\spring-web-4.3.13.RELEASE.jar;C:\Users\cristina.manitiu\.m2\repository\org\springframework\spring-aop\4.3.13.RELEASE\spring-aop-4.3.13.RELEASE.jar;C:\Users\cristina.manitiu\.m2\repository\org\springframework\spring-beans\4.3.13.RELEASE\spring-beans-4.3.13.RELEASE.jar;C:\Users\cristina.manitiu\.m2\repository\org\springframework\spring-context\4.3.13.RELEASE\spring-context-4.3.13.RELEASE.jar;C:\Users\cristina.manitiu\.m2\repository\org\springframework\spring-webmvc\4.3.13.RELEASE\spring-webmvc-4.3.13.RELEASE.jar;C:\Users\cristina.manitiu\.m2\repository\org\springframework\spring-expression\4.3.13.RELEASE\spring-expression-4.3.13.RELEASE.jar;C:\Users\cristina.manitiu\.m2\repository\org\springframework\boot\spring-boot-starter-test\1.5.9.RELEASE\spring-boot-starter-test-1.5.9.RELEASE.jar;C:\Users\cristina.manitiu\.m2\repository\org\springframework\boot\spring-boot-test\1.5.9.RELEASE\spring-boot-test-1.5.9.RELEASE.jar;C:\Users\cristina.manitiu\.m2\repository\org\springframework\boot\spring-boot-test-autoconfigure\1.5.9.RELEASE\spring-boot-test-autoconfigure-1.5.9.RELEASE.jar;C:\Users\cristina.manitiu\.m2\repository\com\jayway\jsonpath\json-path\2.2.0\json-path-2.2.0.jar;C:\Users\cristina.manitiu\.m2\repository\net\minidev\json-smart\2.2.1\json-smart-2.2.1.jar;C:\Users\cristina.manitiu\.m2\repository\net\minidev\accessors-smart\1.1\accessors-smart-1.1.jar;C:\Users\cristina.manitiu\.m2\repository\org\ow2\asm\asm\5.0.3\asm-5.0.3.jar;C:\Users\cristina.manitiu\.m2\repository\org\slf4j\slf4j-api\1.7.25\slf4j-api-1.7.25.jar;C:\Users\cristina.manitiu\.m2\repository\junit\junit\4.12\junit-4.12.jar;C:\Users\cristina.manitiu\.m2\repository\org\assertj\assertj-core\2.6.0\assertj-core-2.6.0.jar;C:\Users\cristina.manitiu\.m2\repository\org\mockito\mockito-core\1.10.19\mockito-core-1.10.19.jar;C:\Users\cristina.manitiu\.m2\repository\org\objenesis\objenesis\2.1\objenesis-2.1.jar;C:\Users\cristina.manitiu\.m2\repository\org\hamcrest\hamcrest-core\1.3\hamcrest-core-1.3.jar;C:\Users\cristina.manitiu\.m2\repository\org\hamcrest\hamcrest-library\1.3\hamcrest-library-1.3.jar;C:\Users\cristina.manitiu\.m2\repository\org\skyscreamer\jsonassert\1.4.0\jsonassert-1.4.0.jar;C:\Users\cristina.manitiu\.m2\repository\com\vaadin\external\google\android-json\0.0.20131108.vaadin1\android-json-0.0.20131108.vaadin1.jar;C:\Users\cristina.manitiu\.m2\repository\org\springframework\spring-core\4.3.13.RELEASE\spring-core-4.3.13.RELEASE.jar;C:\Users\cristina.manitiu\.m2\repository\org\springframework\spring-test\4.3.13.RELEASE\spring-test-4.3.13.RELEASE.jar;C:\Users\cristina.manitiu\.m2\repository\org\springframework\boot\spring-boot-starter-actuator\1.5.9.RELEASE\spring-boot-starter-actuator-1.5.9.RELEASE.jar;C:\Users\cristina.manitiu\.m2\repository\org\springframework\boot\spring-boot-actuator\1.5.9.RELEASE\spring-boot-actuator-1.5.9.RELEASE.jar;, java.specification.name=Java Platform API Specification, java.class.version=52.0, sun.management.compiler=HotSpot 64-Bit Tiered Compilers, os.version=10.0, user.home=C:\Users\cristina.manitiu, user.timezone=Europe/Athens, java.awt.printerjob=sun.awt.windows.WPrinterJob, file.encoding=Cp1252, java.specification.version=1.8, java.class.path=D:\Backup Softvision\Projects\REST_Learn\target\test-classes;D:\Backup Softvision\Projects\REST_Learn\target\classes;C:\Users\cristina.manitiu\.m2\repository\org\springframework\boot\spring-boot-starter-web\1.5.9.RELEASE\spring-boot-starter-web-1.5.9.RELEASE.jar;C:\Users\cristina.manitiu\.m2\repository\org\springframework\boot\spring-boot-starter\1.5.9.RELEASE\spring-boot-starter-1.5.9.RELEASE.jar;C:\Users\cristina.manitiu\.m2\repository\org\springframework\boot\spring-boot\1.5.9.RELEASE\spring-boot-1.5.9.RELEASE.jar;C:\Users\cristina.manitiu\.m2\repository\org\springframework\boot\spring-boot-autoconfigure\1.5.9.RELEASE\spring-boot-autoconfigure-1.5.9.RELEASE.jar;C:\Users\cristina.manitiu\.m2\repository\org\springframework\boot\spring-boot-starter-logging\1.5.9.RELEASE\spring-boot-starter-logging-1.5.9.RELEASE.jar;C:\Users\cristina.manitiu\.m2\repository\ch\qos\logback\logback-classic\1.1.11\logback-classic-1.1.11.jar;C:\Users\cristina.manitiu\.m2\repository\ch\qos\logback\logback-core\1.1.11\logback-core-1.1.11.jar;C:\Users\cristina.manitiu\.m2\repository\org\slf4j\jcl-over-slf4j\1.7.25\jcl-over-slf4j-1.7.25.jar;C:\Users\cristina.manitiu\.m2\repository\org\slf4j\jul-to-slf4j\1.7.25\jul-to-slf4j-1.7.25.jar;C:\Users\cristina.manitiu\.m2\repository\org\slf4j\log4j-over-slf4j\1.7.25\log4j-over-slf4j-1.7.25.jar;C:\Users\cristina.manitiu\.m2\repository\org\yaml\snakeyaml\1.17\snakeyaml-1.17.jar;C:\Users\cristina.manitiu\.m2\repository\org\springframework\boot\spring-boot-starter-tomcat\1.5.9.RELEASE\spring-boot-starter-tomcat-1.5.9.RELEASE.jar;C:\Users\cristina.manitiu\.m2\repository\org\apache\tomcat\embed\tomcat-embed-core\8.5.23\tomcat-embed-core-8.5.23.jar;C:\Users\cristina.manitiu\.m2\repository\org\apache\tomcat\tomcat-annotations-api\8.5.23\tomcat-annotations-api-8.5.23.jar;C:\Users\cristina.manitiu\.m2\repository\org\apache\tomcat\embed\tomcat-embed-el\8.5.23\tomcat-embed-el-8.5.23.jar;C:\Users\cristina.manitiu\.m2\repository\org\apache\tomcat\embed\tomcat-embed-websocket\8.5.23\tomcat-embed-websocket-8.5.23.jar;C:\Users\cristina.manitiu\.m2\repository\org\hibernate\hibernate-validator\5.3.6.Final\hibernate-validator-5.3.6.Final.jar;C:\Users\cristina.manitiu\.m2\repository\javax\validation\validation-api\1.1.0.Final\validation-api-1.1.0.Final.jar;C:\Users\cristina.manitiu\.m2\repository\org\jboss\logging\jboss-logging\3.3.1.Final\jboss-logging-3.3.1.Final.jar;C:\Users\cristina.manitiu\.m2\repository\com\fasterxml\classmate\1.3.4\classmate-1.3.4.jar;C:\Users\cristina.manitiu\.m2\repository\com\fasterxml\jackson\core\jackson-databind\2.8.10\jackson-databind-2.8.10.jar;C:\Users\cristina.manitiu\.m2\repository\com\fasterxml\jackson\core\jackson-annotations\2.8.0\jackson-annotations-2.8.0.jar;C:\Users\cristina.manitiu\.m2\repository\com\fasterxml\jackson\core\jackson-core\2.8.10\jackson-core-2.8.10.jar;C:\Users\cristina.manitiu\.m2\repository\org\springframework\spring-web\4.3.13.RELEASE\spring-web-4.3.13.RELEASE.jar;C:\Users\cristina.manitiu\.m2\repository\org\springframework\spring-aop\4.3.13.RELEASE\spring-aop-4.3.13.RELEASE.jar;C:\Users\cristina.manitiu\.m2\repository\org\springframework\spring-beans\4.3.13.RELEASE\spring-beans-4.3.13.RELEASE.jar;C:\Users\cristina.manitiu\.m2\repository\org\springframework\spring-context\4.3.13.RELEASE\spring-context-4.3.13.RELEASE.jar;C:\Users\cristina.manitiu\.m2\repository\org\springframework\spring-webmvc\4.3.13.RELEASE\spring-webmvc-4.3.13.RELEASE.jar;C:\Users\cristina.manitiu\.m2\repository\org\springframework\spring-expression\4.3.13.RELEASE\spring-expression-4.3.13.RELEASE.jar;C:\Users\cristina.manitiu\.m2\repository\org\springframework\boot\spring-boot-starter-test\1.5.9.RELEASE\spring-boot-starter-test-1.5.9.RELEASE.jar;C:\Users\cristina.manitiu\.m2\repository\org\springframework\boot\spring-boot-test\1.5.9.RELEASE\spring-boot-test-1.5.9.RELEASE.jar;C:\Users\cristina.manitiu\.m2\repository\org\springframework\boot\spring-boot-test-autoconfigure\1.5.9.RELEASE\spring-boot-test-autoconfigure-1.5.9.RELEASE.jar;C:\Users\cristina.manitiu\.m2\repository\com\jayway\jsonpath\json-path\2.2.0\json-path-2.2.0.jar;C:\Users\cristina.manitiu\.m2\repository\net\minidev\json-smart\2.2.1\json-smart-2.2.1.jar;C:\Users\cristina.manitiu\.m2\repository\net\minidev\accessors-smart\1.1\accessors-smart-1.1.jar;C:\Users\cristina.manitiu\.m2\repository\org\ow2\asm\asm\5.0.3\asm-5.0.3.jar;C:\Users\cristina.manitiu\.m2\repository\org\slf4j\slf4j-api\1.7.25\slf4j-api-1.7.25.jar;C:\Users\cristina.manitiu\.m2\repository\junit\junit\4.12\junit-4.12.jar;C:\Users\cristina.manitiu\.m2\repository\org\assertj\assertj-core\2.6.0\assertj-core-2.6.0.jar;C:\Users\cristina.manitiu\.m2\repository\org\mockito\mockito-core\1.10.19\mockito-core-1.10.19.jar;C:\Users\cristina.manitiu\.m2\repository\org\objenesis\objenesis\2.1\objenesis-2.1.jar;C:\Users\cristina.manitiu\.m2\repository\org\hamcrest\hamcrest-core\1.3\hamcrest-core-1.3.jar;C:\Users\cristina.manitiu\.m2\repository\org\hamcrest\hamcrest-library\1.3\hamcrest-library-1.3.jar;C:\Users\cristina.manitiu\.m2\repository\org\skyscreamer\jsonassert\1.4.0\jsonassert-1.4.0.jar;C:\Users\cristina.manitiu\.m2\repository\com\vaadin\external\google\android-json\0.0.20131108.vaadin1\android-json-0.0.20131108.vaadin1.jar;C:\Users\cristina.manitiu\.m2\repository\org\springframework\spring-core\4.3.13.RELEASE\spring-core-4.3.13.RELEASE.jar;C:\Users\cristina.manitiu\.m2\repository\org\springframework\spring-test\4.3.13.RELEASE\spring-test-4.3.13.RELEASE.jar;C:\Users\cristina.manitiu\.m2\repository\org\springframework\boot\spring-boot-starter-actuator\1.5.9.RELEASE\spring-boot-starter-actuator-1.5.9.RELEASE.jar;C:\Users\cristina.manitiu\.m2\repository\org\springframework\boot\spring-boot-actuator\1.5.9.RELEASE\spring-boot-actuator-1.5.9.RELEASE.jar;, user.name=cristina.manitiu, java.vm.specification.version=1.8, sun.java.command=D:\Backup Softvision\Projects\REST_Learn\target\surefire\surefirebooter2656535735922352547.jar D:\Backup Softvision\Projects\REST_Learn\target\surefire\surefire7565310705206277903tmp D:\Backup Softvision\Projects\REST_Learn\target\surefire\surefire_01140433278741437043tmp, java.home=C:\Program Files\Java\jdk1.8.0_151\jre, sun.arch.data.model=64, user.language=en, java.specification.vendor=Oracle Corporation, awt.toolkit=sun.awt.windows.WToolkit, java.vm.info=mixed mode, java.version=1.8.0_151, java.ext.dirs=C:\Program Files\Java\jdk1.8.0_151\jre\lib\ext;C:\Windows\Sun\Java\lib\ext, sun.boot.class.path=C:\Program Files\Java\jdk1.8.0_151\jre\lib\resources.jar;C:\Program Files\Java\jdk1.8.0_151\jre\lib\rt.jar;C:\Program Files\Java\jdk1.8.0_151\jre\lib\sunrsasign.jar;C:\Program Files\Java\jdk1.8.0_151\jre\lib\jsse.jar;C:\Program Files\Java\jdk1.8.0_151\jre\lib\jce.jar;C:\Program Files\Java\jdk1.8.0_151\jre\lib\charsets.jar;C:\Program Files\Java\jdk1.8.0_151\jre\lib\jfr.jar;C:\Program Files\Java\jdk1.8.0_151\jre\classes, java.vendor=Oracle Corporation, localRepository=C:\Users\cristina.manitiu\.m2\repository, file.separator=\, SkipTests=true, java.vendor.url.bug=http://bugreport.sun.com/bugreport/, sun.io.unicode.encoding=UnicodeLittle, sun.cpu.endian=little, sun.desktop=windows, sun.cpu.isalist=amd64}}, SystemEnvironmentPropertySource@1373810119 {name='systemEnvironment', properties={PATH=C:\Program Files\Java\jdk1.8.0_151\bin;C:\ProgramData\Oracle\Java\javapath;C:\Windows\system32;C:\Windows;C:\Windows\System32\Wbem;C:\Windows\System32\WindowsPowerShell\v1.0\;C:\Program Files (x86)\Kaspersky Lab\Kaspersky Endpoint Security 10 for Windows SP2\;C:\Program Files\PuTTY\;C:\Program Files (x86)\Skype\Phone\;C:\Program Files\Git\cmd;D:\apache-maven-3.3.9\bin;C:\Users\cristina.manitiu\AppData\Local\Microsoft\WindowsApps;, USERDOMAIN_ROAMINGPROFILE=P6728, PROCESSOR_LEVEL=6, SYSTEMDRIVE=C:, SESSIONNAME=Console, ALLUSERSPROFILE=C:\ProgramData, PROCESSOR_ARCHITECTURE=AMD64, PROGRAMFILES=C:\Program Files, PSMODULEPATH=C:\Program Files\WindowsPowerShell\Modules;C:\Windows\system32\WindowsPowerShell\v1.0\Modules, PROGRAMDATA=C:\ProgramData, USERNAME=cristina.manitiu, WDIR=D:\, FPS_BROWSER_USER_PROFILE_STRING=Default, ONEDRIVE=C:\Users\cristina.manitiu\OneDrive, PATHEXT=.COM;.EXE;.BAT;.CMD;.VBS;.VBE;.JS;.JSE;.WSF;.WSH;.MSC, CLASSWORLDS_JAR="D:\apache-maven-3.3.9\boot\plexus-classworlds-2.5.2.jar", WINDIR=C:\Windows, HOMEPATH=\Users\cristina.manitiu, PROCESSOR_IDENTIFIER=Intel64 Family 6 Model 158 Stepping 9, GenuineIntel, M2_HOME=D:\apache-maven-3.3.9, MAVEN_JAVA_EXE="C:\Program Files\Java\jdk1.8.0_151\bin\java.exe", PUBLIC=C:\Users\Public, =::=::\, =EXITCODE=00000001, LOCALAPPDATA=C:\Users\cristina.manitiu\AppData\Local, COMMONPROGRAMFILES(X86)=C:\Program Files (x86)\Common Files, USERDOMAIN=P6728, FPS_BROWSER_APP_PROFILE_STRING=Internet Explorer, LOGONSERVER=\\P6728, JAVA_HOME=C:\Program Files\Java\jdk1.8.0_151, PROMPT=$P$G, PROGRAMFILES(X86)=C:\Program Files (x86), TERM=xterm-256color, ERROR_CODE=0, EXEC_DIR=D:\Backup Softvision\Projects\REST_Learn, APPDATA=C:\Users\cristina.manitiu\AppData\Roaming, PROGRAMW6432=C:\Program Files, SYSTEMROOT=C:\Windows, MAVEN_CMD_LINE_ARGS=package -DSkipTests, OS=Windows_NT, COMMONPROGRAMW6432=C:\Program Files\Common Files, COMPUTERNAME=P6728, COMMONPROGRAMFILES=C:\Program Files\Common Files, COMSPEC=C:\Windows\system32\cmd.exe, MAVEN_PROJECTBASEDIR=D:\Backup Softvision\Projects\REST_Learn, PROCESSOR_REVISION=9e09, CLASSWORLDS_LAUNCHER=org.codehaus.plexus.classworlds.launcher.Launcher, =D:=D:\Backup Softvision\Projects\REST_Learn, TEMP=C:\Users\CRISTI~1.MAN\AppData\Local\Temp, HOMEDRIVE=C:, USERPROFILE=C:\Users\cristina.manitiu, TMP=C:\Users\CRISTI~1.MAN\AppData\Local\Temp, NUMBER_OF_PROCESSORS=4, HOME=C:\Users\cristina.manitiu}}]
15:43:57.097 [main] DEBUG org.springframework.core.io.support.PathMatchingResourcePatternResolver - Resolved classpath location [hello/] to resources [URL [file:/D:/Backup%20Softvision/Projects/REST_Learn/target/test-classes/hello/], URL [file:/D:/Backup%20Softvision/Projects/REST_Learn/target/classes/hello/]]
15:43:57.098 [main] DEBUG org.springframework.core.io.support.PathMatchingResourcePatternResolver - Looking for matching resources in directory tree [D:\Backup Softvision\Projects\REST_Learn\target\test-classes\hello]
15:43:57.098 [main] DEBUG org.springframework.core.io.support.PathMatchingResourcePatternResolver - Searching directory [D:\Backup Softvision\Projects\REST_Learn\target\test-classes\hello] for files matching pattern [D:/Backup Softvision/Projects/REST_Learn/target/test-classes/hello/*.class]
15:43:57.100 [main] DEBUG org.springframework.core.io.support.PathMatchingResourcePatternResolver - Looking for matching resources in directory tree [D:\Backup Softvision\Projects\REST_Learn\target\classes\hello]
15:43:57.101 [main] DEBUG org.springframework.core.io.support.PathMatchingResourcePatternResolver - Searching directory [D:\Backup Softvision\Projects\REST_Learn\target\classes\hello] for files matching pattern [D:/Backup Softvision/Projects/REST_Learn/target/classes/hello/*.class]
15:43:57.101 [main] DEBUG org.springframework.core.io.support.PathMatchingResourcePatternResolver - Resolved location pattern [classpath*:hello/*.class] to resources [file [D:\Backup Softvision\Projects\REST_Learn\target\test-classes\hello\HelloControllerIT.class], file [D:\Backup Softvision\Projects\REST_Learn\target\test-classes\hello\HelloControllerTest.class], file [D:\Backup Softvision\Projects\REST_Learn\target\classes\hello\Application.class], file [D:\Backup Softvision\Projects\REST_Learn\target\classes\hello\HelloController.class]]
15:43:57.134 [main] DEBUG org.springframework.context.annotation.ClassPathScanningCandidateComponentProvider - Identified candidate component class: file [D:\Backup Softvision\Projects\REST_Learn\target\classes\hello\Application.class]
15:43:57.140 [main] INFO org.springframework.boot.test.context.SpringBootTestContextBootstrapper - Found @SpringBootConfiguration hello.Application for test class hello.HelloControllerTest
15:43:57.144 [main] DEBUG org.springframework.boot.test.context.SpringBootTestContextBootstrapper - @TestExecutionListeners is not present for class [hello.HelloControllerTest]: using defaults.
15:43:57.147 [main] INFO org.springframework.boot.test.context.SpringBootTestContextBootstrapper - Loaded default TestExecutionListener class names from location [META-INF/spring.factories]: [org.springframework.boot.test.mock.mockito.MockitoTestExecutionListener, org.springframework.boot.test.mock.mockito.ResetMocksTestExecutionListener, org.springframework.boot.test.autoconfigure.restdocs.RestDocsTestExecutionListener, org.springframework.boot.test.autoconfigure.web.client.MockRestServiceServerResetTestExecutionListener, org.springframework.boot.test.autoconfigure.web.servlet.MockMvcPrintOnlyOnFailureTestExecutionListener, org.springframework.boot.test.autoconfigure.web.servlet.WebDriverTestExecutionListener, org.springframework.test.context.web.ServletTestExecutionListener, org.springframework.test.context.support.DirtiesContextBeforeModesTestExecutionListener, org.springframework.test.context.support.DependencyInjectionTestExecutionListener, org.springframework.test.context.support.DirtiesContextTestExecutionListener, org.springframework.test.context.transaction.TransactionalTestExecutionListener, org.springframework.test.context.jdbc.SqlScriptsTestExecutionListener]
15:43:57.160 [main] INFO org.springframework.boot.test.context.SpringBootTestContextBootstrapper - Could not instantiate TestExecutionListener [org.springframework.test.context.jdbc.SqlScriptsTestExecutionListener]. Specify custom listener classes or make the default listener classes (and their required dependencies) available. Offending class: [org/springframework/transaction/interceptor/TransactionAttribute]
15:43:57.160 [main] INFO org.springframework.boot.test.context.SpringBootTestContextBootstrapper - Could not instantiate TestExecutionListener [org.springframework.test.context.transaction.TransactionalTestExecutionListener]. Specify custom listener classes or make the default listener classes (and their required dependencies) available. Offending class: [org/springframework/transaction/interceptor/TransactionAttributeSource]
15:43:57.160 [main] INFO org.springframework.boot.test.context.SpringBootTestContextBootstrapper - Using TestExecutionListeners: [org.springframework.test.context.web.ServletTestExecutionListener@21a947fe, org.springframework.test.context.support.DirtiesContextBeforeModesTestExecutionListener@5606c0b, org.springframework.boot.test.autoconfigure.SpringBootDependencyInjectionTestExecutionListener@80ec1f8, org.springframework.test.context.support.DirtiesContextTestExecutionListener@1445d7f, org.springframework.boot.test.autoconfigure.web.client.MockRestServiceServerResetTestExecutionListener@6a396c1e, org.springframework.boot.test.autoconfigure.web.servlet.MockMvcPrintOnlyOnFailureTestExecutionListener@6c3f5566, org.springframework.boot.test.mock.mockito.ResetMocksTestExecutionListener@12405818, org.springframework.boot.test.autoconfigure.restdocs.RestDocsTestExecutionListener@314c508a, org.springframework.boot.test.mock.mockito.MockitoTestExecutionListener@10b48321, org.springframework.boot.test.autoconfigure.web.servlet.WebDriverTestExecutionListener@6b67034]
15:43:57.162 [main] DEBUG org.springframework.test.annotation.ProfileValueUtils - Retrieved @ProfileValueSourceConfiguration [null] for test class [hello.HelloControllerTest]
15:43:57.163 [main] DEBUG org.springframework.test.annotation.ProfileValueUtils - Retrieved ProfileValueSource type [class org.springframework.test.annotation.SystemProfileValueSource] for class [hello.HelloControllerTest]
15:43:57.164 [main] DEBUG org.springframework.test.context.junit4.SpringJUnit4ClassRunner - SpringJUnit4ClassRunner constructor called with [class hello.HelloControllerTest]
15:43:57.165 [main] DEBUG org.springframework.test.context.BootstrapUtils - Instantiating CacheAwareContextLoaderDelegate from class [org.springframework.test.context.cache.DefaultCacheAwareContextLoaderDelegate]
15:43:57.165 [main] DEBUG org.springframework.test.context.BootstrapUtils - Instantiating BootstrapContext using constructor [public org.springframework.test.context.support.DefaultBootstrapContext(java.lang.Class,org.springframework.test.context.CacheAwareContextLoaderDelegate)]
15:43:57.165 [main] DEBUG org.springframework.test.context.BootstrapUtils - Instantiating TestContextBootstrapper for test class [hello.HelloControllerTest] from class [org.springframework.boot.test.context.SpringBootTestContextBootstrapper]
15:43:57.165 [main] INFO org.springframework.boot.test.context.SpringBootTestContextBootstrapper - Neither @ContextConfiguration nor @ContextHierarchy found for test class [hello.HelloControllerTest], using SpringBootContextLoader
15:43:57.166 [main] DEBUG org.springframework.test.context.support.AbstractContextLoader - Did not detect default resource location for test class [hello.HelloControllerTest]: class path resource [hello/HelloControllerTest-context.xml] does not exist
15:43:57.166 [main] DEBUG org.springframework.test.context.support.AbstractContextLoader - Did not detect default resource location for test class [hello.HelloControllerTest]: class path resource [hello/HelloControllerTestContext.groovy] does not exist
15:43:57.166 [main] INFO org.springframework.test.context.support.AbstractContextLoader - Could not detect default resource locations for test class [hello.HelloControllerTest]: no resource found for suffixes {-context.xml, Context.groovy}.
15:43:57.166 [main] INFO org.springframework.test.context.support.AnnotationConfigContextLoaderUtils - Could not detect default configuration classes for test class [hello.HelloControllerTest]: HelloControllerTest does not declare any static, non-private, non-final, nested classes annotated with @Configuration.
15:43:57.173 [main] DEBUG org.springframework.test.context.support.ActiveProfilesUtils - Could not find an 'annotation declaring class' for annotation type [org.springframework.test.context.ActiveProfiles] and class [hello.HelloControllerTest]
15:43:57.173 [main] DEBUG org.springframework.core.env.StandardEnvironment - Adding PropertySource 'systemProperties' with lowest search precedence
15:43:57.174 [main] DEBUG org.springframework.core.env.StandardEnvironment - Adding PropertySource 'systemEnvironment' with lowest search precedence
15:43:57.174 [main] DEBUG org.springframework.core.env.StandardEnvironment - Initialized StandardEnvironment with PropertySources [MapPropertySource@2011482127 {name='systemProperties', properties={java.runtime.name=Java(TM) SE Runtime Environment, sun.boot.library.path=C:\Program Files\Java\jdk1.8.0_151\jre\bin, java.vm.version=25.151-b12, java.vm.vendor=Oracle Corporation, java.vendor.url=http://java.oracle.com/, path.separator=;, java.vm.name=Java HotSpot(TM) 64-Bit Server VM, file.encoding.pkg=sun.io, user.country=US, user.script=, sun.java.launcher=SUN_STANDARD, sun.os.patch.level=, java.vm.specification.name=Java Virtual Machine Specification, user.dir=D:\Backup Softvision\Projects\REST_Learn, java.runtime.version=1.8.0_151-b12, basedir=D:\Backup Softvision\Projects\REST_Learn, java.awt.graphicsenv=sun.awt.Win32GraphicsEnvironment, java.endorsed.dirs=C:\Program Files\Java\jdk1.8.0_151\jre\lib\endorsed, os.arch=amd64, surefire.real.class.path=D:\Backup Softvision\Projects\REST_Learn\target\surefire\surefirebooter2656535735922352547.jar, java.io.tmpdir=C:\Users\CRISTI~1.MAN\AppData\Local\Temp\, line.separator=
, java.vm.specification.vendor=Oracle Corporation, user.variant=, os.name=Windows 10, sun.jnu.encoding=Cp1252, java.library.path=C:\Program Files\Java\jdk1.8.0_151\jre\bin;C:\Windows\Sun\Java\bin;C:\Windows\system32;C:\Windows;C:\Program Files\Java\jdk1.8.0_151\bin;C:\ProgramData\Oracle\Java\javapath;C:\Windows\system32;C:\Windows;C:\Windows\System32\Wbem;C:\Windows\System32\WindowsPowerShell\v1.0\;C:\Program Files (x86)\Kaspersky Lab\Kaspersky Endpoint Security 10 for Windows SP2\;C:\Program Files\PuTTY\;C:\Program Files (x86)\Skype\Phone\;C:\Program Files\Git\cmd;D:\apache-maven-3.3.9\bin;C:\Users\cristina.manitiu\AppData\Local\Microsoft\WindowsApps;;., surefire.test.class.path=D:\Backup Softvision\Projects\REST_Learn\target\test-classes;D:\Backup Softvision\Projects\REST_Learn\target\classes;C:\Users\cristina.manitiu\.m2\repository\org\springframework\boot\spring-boot-starter-web\1.5.9.RELEASE\spring-boot-starter-web-1.5.9.RELEASE.jar;C:\Users\cristina.manitiu\.m2\repository\org\springframework\boot\spring-boot-starter\1.5.9.RELEASE\spring-boot-starter-1.5.9.RELEASE.jar;C:\Users\cristina.manitiu\.m2\repository\org\springframework\boot\spring-boot\1.5.9.RELEASE\spring-boot-1.5.9.RELEASE.jar;C:\Users\cristina.manitiu\.m2\repository\org\springframework\boot\spring-boot-autoconfigure\1.5.9.RELEASE\spring-boot-autoconfigure-1.5.9.RELEASE.jar;C:\Users\cristina.manitiu\.m2\repository\org\springframework\boot\spring-boot-starter-logging\1.5.9.RELEASE\spring-boot-starter-logging-1.5.9.RELEASE.jar;C:\Users\cristina.manitiu\.m2\repository\ch\qos\logback\logback-classic\1.1.11\logback-classic-1.1.11.jar;C:\Users\cristina.manitiu\.m2\repository\ch\qos\logback\logback-core\1.1.11\logback-core-1.1.11.jar;C:\Users\cristina.manitiu\.m2\repository\org\slf4j\jcl-over-slf4j\1.7.25\jcl-over-slf4j-1.7.25.jar;C:\Users\cristina.manitiu\.m2\repository\org\slf4j\jul-to-slf4j\1.7.25\jul-to-slf4j-1.7.25.jar;C:\Users\cristina.manitiu\.m2\repository\org\slf4j\log4j-over-slf4j\1.7.25\log4j-over-slf4j-1.7.25.jar;C:\Users\cristina.manitiu\.m2\repository\org\yaml\snakeyaml\1.17\snakeyaml-1.17.jar;C:\Users\cristina.manitiu\.m2\repository\org\springframework\boot\spring-boot-starter-tomcat\1.5.9.RELEASE\spring-boot-starter-tomcat-1.5.9.RELEASE.jar;C:\Users\cristina.manitiu\.m2\repository\org\apache\tomcat\embed\tomcat-embed-core\8.5.23\tomcat-embed-core-8.5.23.jar;C:\Users\cristina.manitiu\.m2\repository\org\apache\tomcat\tomcat-annotations-api\8.5.23\tomcat-annotations-api-8.5.23.jar;C:\Users\cristina.manitiu\.m2\repository\org\apache\tomcat\embed\tomcat-embed-el\8.5.23\tomcat-embed-el-8.5.23.jar;C:\Users\cristina.manitiu\.m2\repository\org\apache\tomcat\embed\tomcat-embed-websocket\8.5.23\tomcat-embed-websocket-8.5.23.jar;C:\Users\cristina.manitiu\.m2\repository\org\hibernate\hibernate-validator\5.3.6.Final\hibernate-validator-5.3.6.Final.jar;C:\Users\cristina.manitiu\.m2\repository\javax\validation\validation-api\1.1.0.Final\validation-api-1.1.0.Final.jar;C:\Users\cristina.manitiu\.m2\repository\org\jboss\logging\jboss-logging\3.3.1.Final\jboss-logging-3.3.1.Final.jar;C:\Users\cristina.manitiu\.m2\repository\com\fasterxml\classmate\1.3.4\classmate-1.3.4.jar;C:\Users\cristina.manitiu\.m2\repository\com\fasterxml\jackson\core\jackson-databind\2.8.10\jackson-databind-2.8.10.jar;C:\Users\cristina.manitiu\.m2\repository\com\fasterxml\jackson\core\jackson-annotations\2.8.0\jackson-annotations-2.8.0.jar;C:\Users\cristina.manitiu\.m2\repository\com\fasterxml\jackson\core\jackson-core\2.8.10\jackson-core-2.8.10.jar;C:\Users\cristina.manitiu\.m2\repository\org\springframework\spring-web\4.3.13.RELEASE\spring-web-4.3.13.RELEASE.jar;C:\Users\cristina.manitiu\.m2\repository\org\springframework\spring-aop\4.3.13.RELEASE\spring-aop-4.3.13.RELEASE.jar;C:\Users\cristina.manitiu\.m2\repository\org\springframework\spring-beans\4.3.13.RELEASE\spring-beans-4.3.13.RELEASE.jar;C:\Users\cristina.manitiu\.m2\repository\org\springframework\spring-context\4.3.13.RELEASE\spring-context-4.3.13.RELEASE.jar;C:\Users\cristina.manitiu\.m2\repository\org\springframework\spring-webmvc\4.3.13.RELEASE\spring-webmvc-4.3.13.RELEASE.jar;C:\Users\cristina.manitiu\.m2\repository\org\springframework\spring-expression\4.3.13.RELEASE\spring-expression-4.3.13.RELEASE.jar;C:\Users\cristina.manitiu\.m2\repository\org\springframework\boot\spring-boot-starter-test\1.5.9.RELEASE\spring-boot-starter-test-1.5.9.RELEASE.jar;C:\Users\cristina.manitiu\.m2\repository\org\springframework\boot\spring-boot-test\1.5.9.RELEASE\spring-boot-test-1.5.9.RELEASE.jar;C:\Users\cristina.manitiu\.m2\repository\org\springframework\boot\spring-boot-test-autoconfigure\1.5.9.RELEASE\spring-boot-test-autoconfigure-1.5.9.RELEASE.jar;C:\Users\cristina.manitiu\.m2\repository\com\jayway\jsonpath\json-path\2.2.0\json-path-2.2.0.jar;C:\Users\cristina.manitiu\.m2\repository\net\minidev\json-smart\2.2.1\json-smart-2.2.1.jar;C:\Users\cristina.manitiu\.m2\repository\net\minidev\accessors-smart\1.1\accessors-smart-1.1.jar;C:\Users\cristina.manitiu\.m2\repository\org\ow2\asm\asm\5.0.3\asm-5.0.3.jar;C:\Users\cristina.manitiu\.m2\repository\org\slf4j\slf4j-api\1.7.25\slf4j-api-1.7.25.jar;C:\Users\cristina.manitiu\.m2\repository\junit\junit\4.12\junit-4.12.jar;C:\Users\cristina.manitiu\.m2\repository\org\assertj\assertj-core\2.6.0\assertj-core-2.6.0.jar;C:\Users\cristina.manitiu\.m2\repository\org\mockito\mockito-core\1.10.19\mockito-core-1.10.19.jar;C:\Users\cristina.manitiu\.m2\repository\org\objenesis\objenesis\2.1\objenesis-2.1.jar;C:\Users\cristina.manitiu\.m2\repository\org\hamcrest\hamcrest-core\1.3\hamcrest-core-1.3.jar;C:\Users\cristina.manitiu\.m2\repository\org\hamcrest\hamcrest-library\1.3\hamcrest-library-1.3.jar;C:\Users\cristina.manitiu\.m2\repository\org\skyscreamer\jsonassert\1.4.0\jsonassert-1.4.0.jar;C:\Users\cristina.manitiu\.m2\repository\com\vaadin\external\google\android-json\0.0.20131108.vaadin1\android-json-0.0.20131108.vaadin1.jar;C:\Users\cristina.manitiu\.m2\repository\org\springframework\spring-core\4.3.13.RELEASE\spring-core-4.3.13.RELEASE.jar;C:\Users\cristina.manitiu\.m2\repository\org\springframework\spring-test\4.3.13.RELEASE\spring-test-4.3.13.RELEASE.jar;C:\Users\cristina.manitiu\.m2\repository\org\springframework\boot\spring-boot-starter-actuator\1.5.9.RELEASE\spring-boot-starter-actuator-1.5.9.RELEASE.jar;C:\Users\cristina.manitiu\.m2\repository\org\springframework\boot\spring-boot-actuator\1.5.9.RELEASE\spring-boot-actuator-1.5.9.RELEASE.jar;, java.specification.name=Java Platform API Specification, java.class.version=52.0, sun.management.compiler=HotSpot 64-Bit Tiered Compilers, os.version=10.0, user.home=C:\Users\cristina.manitiu, user.timezone=Europe/Athens, java.awt.printerjob=sun.awt.windows.WPrinterJob, file.encoding=Cp1252, java.specification.version=1.8, java.class.path=D:\Backup Softvision\Projects\REST_Learn\target\test-classes;D:\Backup Softvision\Projects\REST_Learn\target\classes;C:\Users\cristina.manitiu\.m2\repository\org\springframework\boot\spring-boot-starter-web\1.5.9.RELEASE\spring-boot-starter-web-1.5.9.RELEASE.jar;C:\Users\cristina.manitiu\.m2\repository\org\springframework\boot\spring-boot-starter\1.5.9.RELEASE\spring-boot-starter-1.5.9.RELEASE.jar;C:\Users\cristina.manitiu\.m2\repository\org\springframework\boot\spring-boot\1.5.9.RELEASE\spring-boot-1.5.9.RELEASE.jar;C:\Users\cristina.manitiu\.m2\repository\org\springframework\boot\spring-boot-autoconfigure\1.5.9.RELEASE\spring-boot-autoconfigure-1.5.9.RELEASE.jar;C:\Users\cristina.manitiu\.m2\repository\org\springframework\boot\spring-boot-starter-logging\1.5.9.RELEASE\spring-boot-starter-logging-1.5.9.RELEASE.jar;C:\Users\cristina.manitiu\.m2\repository\ch\qos\logback\logback-classic\1.1.11\logback-classic-1.1.11.jar;C:\Users\cristina.manitiu\.m2\repository\ch\qos\logback\logback-core\1.1.11\logback-core-1.1.11.jar;C:\Users\cristina.manitiu\.m2\repository\org\slf4j\jcl-over-slf4j\1.7.25\jcl-over-slf4j-1.7.25.jar;C:\Users\cristina.manitiu\.m2\repository\org\slf4j\jul-to-slf4j\1.7.25\jul-to-slf4j-1.7.25.jar;C:\Users\cristina.manitiu\.m2\repository\org\slf4j\log4j-over-slf4j\1.7.25\log4j-over-slf4j-1.7.25.jar;C:\Users\cristina.manitiu\.m2\repository\org\yaml\snakeyaml\1.17\snakeyaml-1.17.jar;C:\Users\cristina.manitiu\.m2\repository\org\springframework\boot\spring-boot-starter-tomcat\1.5.9.RELEASE\spring-boot-starter-tomcat-1.5.9.RELEASE.jar;C:\Users\cristina.manitiu\.m2\repository\org\apache\tomcat\embed\tomcat-embed-core\8.5.23\tomcat-embed-core-8.5.23.jar;C:\Users\cristina.manitiu\.m2\repository\org\apache\tomcat\tomcat-annotations-api\8.5.23\tomcat-annotations-api-8.5.23.jar;C:\Users\cristina.manitiu\.m2\repository\org\apache\tomcat\embed\tomcat-embed-el\8.5.23\tomcat-embed-el-8.5.23.jar;C:\Users\cristina.manitiu\.m2\repository\org\apache\tomcat\embed\tomcat-embed-websocket\8.5.23\tomcat-embed-websocket-8.5.23.jar;C:\Users\cristina.manitiu\.m2\repository\org\hibernate\hibernate-validator\5.3.6.Final\hibernate-validator-5.3.6.Final.jar;C:\Users\cristina.manitiu\.m2\repository\javax\validation\validation-api\1.1.0.Final\validation-api-1.1.0.Final.jar;C:\Users\cristina.manitiu\.m2\repository\org\jboss\logging\jboss-logging\3.3.1.Final\jboss-logging-3.3.1.Final.jar;C:\Users\cristina.manitiu\.m2\repository\com\fasterxml\classmate\1.3.4\classmate-1.3.4.jar;C:\Users\cristina.manitiu\.m2\repository\com\fasterxml\jackson\core\jackson-databind\2.8.10\jackson-databind-2.8.10.jar;C:\Users\cristina.manitiu\.m2\repository\com\fasterxml\jackson\core\jackson-annotations\2.8.0\jackson-annotations-2.8.0.jar;C:\Users\cristina.manitiu\.m2\repository\com\fasterxml\jackson\core\jackson-core\2.8.10\jackson-core-2.8.10.jar;C:\Users\cristina.manitiu\.m2\repository\org\springframework\spring-web\4.3.13.RELEASE\spring-web-4.3.13.RELEASE.jar;C:\Users\cristina.manitiu\.m2\repository\org\springframework\spring-aop\4.3.13.RELEASE\spring-aop-4.3.13.RELEASE.jar;C:\Users\cristina.manitiu\.m2\repository\org\springframework\spring-beans\4.3.13.RELEASE\spring-beans-4.3.13.RELEASE.jar;C:\Users\cristina.manitiu\.m2\repository\org\springframework\spring-context\4.3.13.RELEASE\spring-context-4.3.13.RELEASE.jar;C:\Users\cristina.manitiu\.m2\repository\org\springframework\spring-webmvc\4.3.13.RELEASE\spring-webmvc-4.3.13.RELEASE.jar;C:\Users\cristina.manitiu\.m2\repository\org\springframework\spring-expression\4.3.13.RELEASE\spring-expression-4.3.13.RELEASE.jar;C:\Users\cristina.manitiu\.m2\repository\org\springframework\boot\spring-boot-starter-test\1.5.9.RELEASE\spring-boot-starter-test-1.5.9.RELEASE.jar;C:\Users\cristina.manitiu\.m2\repository\org\springframework\boot\spring-boot-test\1.5.9.RELEASE\spring-boot-test-1.5.9.RELEASE.jar;C:\Users\cristina.manitiu\.m2\repository\org\springframework\boot\spring-boot-test-autoconfigure\1.5.9.RELEASE\spring-boot-test-autoconfigure-1.5.9.RELEASE.jar;C:\Users\cristina.manitiu\.m2\repository\com\jayway\jsonpath\json-path\2.2.0\json-path-2.2.0.jar;C:\Users\cristina.manitiu\.m2\repository\net\minidev\json-smart\2.2.1\json-smart-2.2.1.jar;C:\Users\cristina.manitiu\.m2\repository\net\minidev\accessors-smart\1.1\accessors-smart-1.1.jar;C:\Users\cristina.manitiu\.m2\repository\org\ow2\asm\asm\5.0.3\asm-5.0.3.jar;C:\Users\cristina.manitiu\.m2\repository\org\slf4j\slf4j-api\1.7.25\slf4j-api-1.7.25.jar;C:\Users\cristina.manitiu\.m2\repository\junit\junit\4.12\junit-4.12.jar;C:\Users\cristina.manitiu\.m2\repository\org\assertj\assertj-core\2.6.0\assertj-core-2.6.0.jar;C:\Users\cristina.manitiu\.m2\repository\org\mockito\mockito-core\1.10.19\mockito-core-1.10.19.jar;C:\Users\cristina.manitiu\.m2\repository\org\objenesis\objenesis\2.1\objenesis-2.1.jar;C:\Users\cristina.manitiu\.m2\repository\org\hamcrest\hamcrest-core\1.3\hamcrest-core-1.3.jar;C:\Users\cristina.manitiu\.m2\repository\org\hamcrest\hamcrest-library\1.3\hamcrest-library-1.3.jar;C:\Users\cristina.manitiu\.m2\repository\org\skyscreamer\jsonassert\1.4.0\jsonassert-1.4.0.jar;C:\Users\cristina.manitiu\.m2\repository\com\vaadin\external\google\android-json\0.0.20131108.vaadin1\android-json-0.0.20131108.vaadin1.jar;C:\Users\cristina.manitiu\.m2\repository\org\springframework\spring-core\4.3.13.RELEASE\spring-core-4.3.13.RELEASE.jar;C:\Users\cristina.manitiu\.m2\repository\org\springframework\spring-test\4.3.13.RELEASE\spring-test-4.3.13.RELEASE.jar;C:\Users\cristina.manitiu\.m2\repository\org\springframework\boot\spring-boot-starter-actuator\1.5.9.RELEASE\spring-boot-starter-actuator-1.5.9.RELEASE.jar;C:\Users\cristina.manitiu\.m2\repository\org\springframework\boot\spring-boot-actuator\1.5.9.RELEASE\spring-boot-actuator-1.5.9.RELEASE.jar;, user.name=cristina.manitiu, java.vm.specification.version=1.8, sun.java.command=D:\Backup Softvision\Projects\REST_Learn\target\surefire\surefirebooter2656535735922352547.jar D:\Backup Softvision\Projects\REST_Learn\target\surefire\surefire7565310705206277903tmp D:\Backup Softvision\Projects\REST_Learn\target\surefire\surefire_01140433278741437043tmp, java.home=C:\Program Files\Java\jdk1.8.0_151\jre, sun.arch.data.model=64, user.language=en, java.specification.vendor=Oracle Corporation, awt.toolkit=sun.awt.windows.WToolkit, java.vm.info=mixed mode, java.version=1.8.0_151, java.ext.dirs=C:\Program Files\Java\jdk1.8.0_151\jre\lib\ext;C:\Windows\Sun\Java\lib\ext, sun.boot.class.path=C:\Program Files\Java\jdk1.8.0_151\jre\lib\resources.jar;C:\Program Files\Java\jdk1.8.0_151\jre\lib\rt.jar;C:\Program Files\Java\jdk1.8.0_151\jre\lib\sunrsasign.jar;C:\Program Files\Java\jdk1.8.0_151\jre\lib\jsse.jar;C:\Program Files\Java\jdk1.8.0_151\jre\lib\jce.jar;C:\Program Files\Java\jdk1.8.0_151\jre\lib\charsets.jar;C:\Program Files\Java\jdk1.8.0_151\jre\lib\jfr.jar;C:\Program Files\Java\jdk1.8.0_151\jre\classes, java.vendor=Oracle Corporation, localRepository=C:\Users\cristina.manitiu\.m2\repository, file.separator=\, SkipTests=true, java.vendor.url.bug=http://bugreport.sun.com/bugreport/, sun.io.unicode.encoding=UnicodeLittle, sun.cpu.endian=little, sun.desktop=windows, sun.cpu.isalist=amd64}}, SystemEnvironmentPropertySource@905735620 {name='systemEnvironment', properties={PATH=C:\Program Files\Java\jdk1.8.0_151\bin;C:\ProgramData\Oracle\Java\javapath;C:\Windows\system32;C:\Windows;C:\Windows\System32\Wbem;C:\Windows\System32\WindowsPowerShell\v1.0\;C:\Program Files (x86)\Kaspersky Lab\Kaspersky Endpoint Security 10 for Windows SP2\;C:\Program Files\PuTTY\;C:\Program Files (x86)\Skype\Phone\;C:\Program Files\Git\cmd;D:\apache-maven-3.3.9\bin;C:\Users\cristina.manitiu\AppData\Local\Microsoft\WindowsApps;, USERDOMAIN_ROAMINGPROFILE=P6728, PROCESSOR_LEVEL=6, SYSTEMDRIVE=C:, SESSIONNAME=Console, ALLUSERSPROFILE=C:\ProgramData, PROCESSOR_ARCHITECTURE=AMD64, PROGRAMFILES=C:\Program Files, PSMODULEPATH=C:\Program Files\WindowsPowerShell\Modules;C:\Windows\system32\WindowsPowerShell\v1.0\Modules, PROGRAMDATA=C:\ProgramData, USERNAME=cristina.manitiu, WDIR=D:\, FPS_BROWSER_USER_PROFILE_STRING=Default, ONEDRIVE=C:\Users\cristina.manitiu\OneDrive, PATHEXT=.COM;.EXE;.BAT;.CMD;.VBS;.VBE;.JS;.JSE;.WSF;.WSH;.MSC, CLASSWORLDS_JAR="D:\apache-maven-3.3.9\boot\plexus-classworlds-2.5.2.jar", WINDIR=C:\Windows, HOMEPATH=\Users\cristina.manitiu, PROCESSOR_IDENTIFIER=Intel64 Family 6 Model 158 Stepping 9, GenuineIntel, M2_HOME=D:\apache-maven-3.3.9, MAVEN_JAVA_EXE="C:\Program Files\Java\jdk1.8.0_151\bin\java.exe", PUBLIC=C:\Users\Public, =::=::\, =EXITCODE=00000001, LOCALAPPDATA=C:\Users\cristina.manitiu\AppData\Local, COMMONPROGRAMFILES(X86)=C:\Program Files (x86)\Common Files, USERDOMAIN=P6728, FPS_BROWSER_APP_PROFILE_STRING=Internet Explorer, LOGONSERVER=\\P6728, JAVA_HOME=C:\Program Files\Java\jdk1.8.0_151, PROMPT=$P$G, PROGRAMFILES(X86)=C:\Program Files (x86), TERM=xterm-256color, ERROR_CODE=0, EXEC_DIR=D:\Backup Softvision\Projects\REST_Learn, APPDATA=C:\Users\cristina.manitiu\AppData\Roaming, PROGRAMW6432=C:\Program Files, SYSTEMROOT=C:\Windows, MAVEN_CMD_LINE_ARGS=package -DSkipTests, OS=Windows_NT, COMMONPROGRAMW6432=C:\Program Files\Common Files, COMPUTERNAME=P6728, COMMONPROGRAMFILES=C:\Program Files\Common Files, COMSPEC=C:\Windows\system32\cmd.exe, MAVEN_PROJECTBASEDIR=D:\Backup Softvision\Projects\REST_Learn, PROCESSOR_REVISION=9e09, CLASSWORLDS_LAUNCHER=org.codehaus.plexus.classworlds.launcher.Launcher, =D:=D:\Backup Softvision\Projects\REST_Learn, TEMP=C:\Users\CRISTI~1.MAN\AppData\Local\Temp, HOMEDRIVE=C:, USERPROFILE=C:\Users\cristina.manitiu, TMP=C:\Users\CRISTI~1.MAN\AppData\Local\Temp, NUMBER_OF_PROCESSORS=4, HOME=C:\Users\cristina.manitiu}}]
15:43:57.176 [main] INFO org.springframework.boot.test.context.SpringBootTestContextBootstrapper - Found @SpringBootConfiguration hello.Application for test class hello.HelloControllerTest
15:43:57.178 [main] DEBUG org.springframework.boot.test.context.SpringBootTestContextBootstrapper - @TestExecutionListeners is not present for class [hello.HelloControllerTest]: using defaults.
15:43:57.180 [main] INFO org.springframework.boot.test.context.SpringBootTestContextBootstrapper - Loaded default TestExecutionListener class names from location [META-INF/spring.factories]: [org.springframework.boot.test.mock.mockito.MockitoTestExecutionListener, org.springframework.boot.test.mock.mockito.ResetMocksTestExecutionListener, org.springframework.boot.test.autoconfigure.restdocs.RestDocsTestExecutionListener, org.springframework.boot.test.autoconfigure.web.client.MockRestServiceServerResetTestExecutionListener, org.springframework.boot.test.autoconfigure.web.servlet.MockMvcPrintOnlyOnFailureTestExecutionListener, org.springframework.boot.test.autoconfigure.web.servlet.WebDriverTestExecutionListener, org.springframework.test.context.web.ServletTestExecutionListener, org.springframework.test.context.support.DirtiesContextBeforeModesTestExecutionListener, org.springframework.test.context.support.DependencyInjectionTestExecutionListener, org.springframework.test.context.support.DirtiesContextTestExecutionListener, org.springframework.test.context.transaction.TransactionalTestExecutionListener, org.springframework.test.context.jdbc.SqlScriptsTestExecutionListener]
15:43:57.182 [main] INFO org.springframework.boot.test.context.SpringBootTestContextBootstrapper - Could not instantiate TestExecutionListener [org.springframework.test.context.jdbc.SqlScriptsTestExecutionListener]. Specify custom listener classes or make the default listener classes (and their required dependencies) available. Offending class: [org/springframework/transaction/interceptor/TransactionAttribute]
15:43:57.182 [main] INFO org.springframework.boot.test.context.SpringBootTestContextBootstrapper - Could not instantiate TestExecutionListener [org.springframework.test.context.transaction.TransactionalTestExecutionListener]. Specify custom listener classes or make the default listener classes (and their required dependencies) available. Offending class: [org/springframework/transaction/interceptor/TransactionAttributeSource]
15:43:57.183 [main] INFO org.springframework.boot.test.context.SpringBootTestContextBootstrapper - Using TestExecutionListeners: [org.springframework.test.context.web.ServletTestExecutionListener@57d5872c, org.springframework.test.context.support.DirtiesContextBeforeModesTestExecutionListener@667a738, org.springframework.boot.test.autoconfigure.SpringBootDependencyInjectionTestExecutionListener@36f0f1be, org.springframework.test.context.support.DirtiesContextTestExecutionListener@157632c9, org.springframework.boot.test.autoconfigure.web.client.MockRestServiceServerResetTestExecutionListener@6ee12bac, org.springframework.boot.test.autoconfigure.web.servlet.MockMvcPrintOnlyOnFailureTestExecutionListener@55040f2f, org.springframework.boot.test.mock.mockito.ResetMocksTestExecutionListener@64c87930, org.springframework.boot.test.autoconfigure.restdocs.RestDocsTestExecutionListener@400cff1a, org.springframework.boot.test.mock.mockito.MockitoTestExecutionListener@275710fc, org.springframework.boot.test.autoconfigure.web.servlet.WebDriverTestExecutionListener@525f1e4e]
15:43:57.183 [main] DEBUG org.springframework.test.annotation.ProfileValueUtils - Retrieved @ProfileValueSourceConfiguration [null] for test class [hello.HelloControllerTest]
15:43:57.183 [main] DEBUG org.springframework.test.annotation.ProfileValueUtils - Retrieved ProfileValueSource type [class org.springframework.test.annotation.SystemProfileValueSource] for class [hello.HelloControllerTest]
15:43:57.183 [main] DEBUG org.springframework.test.annotation.ProfileValueUtils - Retrieved @ProfileValueSourceConfiguration [null] for test class [hello.HelloControllerTest]
15:43:57.183 [main] DEBUG org.springframework.test.annotation.ProfileValueUtils - Retrieved ProfileValueSource type [class org.springframework.test.annotation.SystemProfileValueSource] for class [hello.HelloControllerTest]
15:43:57.187 [main] DEBUG org.springframework.test.context.support.AbstractDirtiesContextTestExecutionListener - Before test class: context [DefaultTestContext@2145433b testClass = HelloControllerTest, testInstance = [null], testMethod = [null], testException = [null], mergedContextConfiguration = [WebMergedContextConfiguration@2890c451 testClass = HelloControllerTest, locations = '{}', classes = '{class hello.Application}', contextInitializerClasses = '[]', activeProfiles = '{}', propertySourceLocations = '{}', propertySourceProperties = '{org.springframework.boot.test.context.SpringBootTestContextBootstrapper=true}', contextCustomizers = set[[ImportsContextCustomizer@40e6dfe1 key = [org.springframework.boot.test.autoconfigure.web.servlet.MockMvcAutoConfiguration, org.springframework.boot.test.autoconfigure.web.servlet.MockMvcSecurityAutoConfiguration, org.springframework.boot.test.autoconfigure.web.servlet.MockMvcWebClientAutoConfiguration, org.springframework.boot.test.autoconfigure.web.servlet.MockMvcWebDriverAutoConfiguration]], org.springframework.boot.test.context.SpringBootTestContextCustomizer@67205a84, org.springframework.boot.test.context.filter.ExcludeFilterContextCustomizer@2a17b7b6, org.springframework.boot.test.json.DuplicateJsonObjectContextCustomizerFactory$DuplicateJsonObjectContextCustomizer@76707e36, org.springframework.boot.test.mock.mockito.MockitoContextCustomizer@0, org.springframework.boot.test.autoconfigure.properties.PropertyMappingContextCustomizer@e7e8512, org.springframework.boot.test.autoconfigure.web.servlet.WebDriverContextCustomizerFactory$Customizer@2833cc44], resourceBasePath = 'src/main/webapp', contextLoader = 'org.springframework.boot.test.context.SpringBootContextLoader', parent = [null]]], class annotated with @DirtiesContext [false] with mode [null].
15:43:57.187 [main] DEBUG org.springframework.test.annotation.ProfileValueUtils - Retrieved @ProfileValueSourceConfiguration [null] for test class [hello.HelloControllerTest]
15:43:57.187 [main] DEBUG org.springframework.test.annotation.ProfileValueUtils - Retrieved ProfileValueSource type [class org.springframework.test.annotation.SystemProfileValueSource] for class [hello.HelloControllerTest]
15:43:57.231 [main] DEBUG org.springframework.core.env.StandardEnvironment - Adding PropertySource 'systemProperties' with lowest search precedence
15:43:57.231 [main] DEBUG org.springframework.core.env.StandardEnvironment - Adding PropertySource 'systemEnvironment' with lowest search precedence
15:43:57.231 [main] DEBUG org.springframework.core.env.StandardEnvironment - Initialized StandardEnvironment with PropertySources [MapPropertySource@118394766 {name='systemProperties', properties={java.runtime.name=Java(TM) SE Runtime Environment, sun.boot.library.path=C:\Program Files\Java\jdk1.8.0_151\jre\bin, java.vm.version=25.151-b12, java.vm.vendor=Oracle Corporation, java.vendor.url=http://java.oracle.com/, path.separator=;, java.vm.name=Java HotSpot(TM) 64-Bit Server VM, file.encoding.pkg=sun.io, user.country=US, user.script=, sun.java.launcher=SUN_STANDARD, sun.os.patch.level=, java.vm.specification.name=Java Virtual Machine Specification, user.dir=D:\Backup Softvision\Projects\REST_Learn, java.runtime.version=1.8.0_151-b12, basedir=D:\Backup Softvision\Projects\REST_Learn, java.awt.graphicsenv=sun.awt.Win32GraphicsEnvironment, java.endorsed.dirs=C:\Program Files\Java\jdk1.8.0_151\jre\lib\endorsed, os.arch=amd64, surefire.real.class.path=D:\Backup Softvision\Projects\REST_Learn\target\surefire\surefirebooter2656535735922352547.jar, java.io.tmpdir=C:\Users\CRISTI~1.MAN\AppData\Local\Temp\, line.separator=
, java.vm.specification.vendor=Oracle Corporation, user.variant=, os.name=Windows 10, sun.jnu.encoding=Cp1252, java.library.path=C:\Program Files\Java\jdk1.8.0_151\jre\bin;C:\Windows\Sun\Java\bin;C:\Windows\system32;C:\Windows;C:\Program Files\Java\jdk1.8.0_151\bin;C:\ProgramData\Oracle\Java\javapath;C:\Windows\system32;C:\Windows;C:\Windows\System32\Wbem;C:\Windows\System32\WindowsPowerShell\v1.0\;C:\Program Files (x86)\Kaspersky Lab\Kaspersky Endpoint Security 10 for Windows SP2\;C:\Program Files\PuTTY\;C:\Program Files (x86)\Skype\Phone\;C:\Program Files\Git\cmd;D:\apache-maven-3.3.9\bin;C:\Users\cristina.manitiu\AppData\Local\Microsoft\WindowsApps;;., surefire.test.class.path=D:\Backup Softvision\Projects\REST_Learn\target\test-classes;D:\Backup Softvision\Projects\REST_Learn\target\classes;C:\Users\cristina.manitiu\.m2\repository\org\springframework\boot\spring-boot-starter-web\1.5.9.RELEASE\spring-boot-starter-web-1.5.9.RELEASE.jar;C:\Users\cristina.manitiu\.m2\repository\org\springframework\boot\spring-boot-starter\1.5.9.RELEASE\spring-boot-starter-1.5.9.RELEASE.jar;C:\Users\cristina.manitiu\.m2\repository\org\springframework\boot\spring-boot\1.5.9.RELEASE\spring-boot-1.5.9.RELEASE.jar;C:\Users\cristina.manitiu\.m2\repository\org\springframework\boot\spring-boot-autoconfigure\1.5.9.RELEASE\spring-boot-autoconfigure-1.5.9.RELEASE.jar;C:\Users\cristina.manitiu\.m2\repository\org\springframework\boot\spring-boot-starter-logging\1.5.9.RELEASE\spring-boot-starter-logging-1.5.9.RELEASE.jar;C:\Users\cristina.manitiu\.m2\repository\ch\qos\logback\logback-classic\1.1.11\logback-classic-1.1.11.jar;C:\Users\cristina.manitiu\.m2\repository\ch\qos\logback\logback-core\1.1.11\logback-core-1.1.11.jar;C:\Users\cristina.manitiu\.m2\repository\org\slf4j\jcl-over-slf4j\1.7.25\jcl-over-slf4j-1.7.25.jar;C:\Users\cristina.manitiu\.m2\repository\org\slf4j\jul-to-slf4j\1.7.25\jul-to-slf4j-1.7.25.jar;C:\Users\cristina.manitiu\.m2\repository\org\slf4j\log4j-over-slf4j\1.7.25\log4j-over-slf4j-1.7.25.jar;C:\Users\cristina.manitiu\.m2\repository\org\yaml\snakeyaml\1.17\snakeyaml-1.17.jar;C:\Users\cristina.manitiu\.m2\repository\org\springframework\boot\spring-boot-starter-tomcat\1.5.9.RELEASE\spring-boot-starter-tomcat-1.5.9.RELEASE.jar;C:\Users\cristina.manitiu\.m2\repository\org\apache\tomcat\embed\tomcat-embed-core\8.5.23\tomcat-embed-core-8.5.23.jar;C:\Users\cristina.manitiu\.m2\repository\org\apache\tomcat\tomcat-annotations-api\8.5.23\tomcat-annotations-api-8.5.23.jar;C:\Users\cristina.manitiu\.m2\repository\org\apache\tomcat\embed\tomcat-embed-el\8.5.23\tomcat-embed-el-8.5.23.jar;C:\Users\cristina.manitiu\.m2\repository\org\apache\tomcat\embed\tomcat-embed-websocket\8.5.23\tomcat-embed-websocket-8.5.23.jar;C:\Users\cristina.manitiu\.m2\repository\org\hibernate\hibernate-validator\5.3.6.Final\hibernate-validator-5.3.6.Final.jar;C:\Users\cristina.manitiu\.m2\repository\javax\validation\validation-api\1.1.0.Final\validation-api-1.1.0.Final.jar;C:\Users\cristina.manitiu\.m2\repository\org\jboss\logging\jboss-logging\3.3.1.Final\jboss-logging-3.3.1.Final.jar;C:\Users\cristina.manitiu\.m2\repository\com\fasterxml\classmate\1.3.4\classmate-1.3.4.jar;C:\Users\cristina.manitiu\.m2\repository\com\fasterxml\jackson\core\jackson-databind\2.8.10\jackson-databind-2.8.10.jar;C:\Users\cristina.manitiu\.m2\repository\com\fasterxml\jackson\core\jackson-annotations\2.8.0\jackson-annotations-2.8.0.jar;C:\Users\cristina.manitiu\.m2\repository\com\fasterxml\jackson\core\jackson-core\2.8.10\jackson-core-2.8.10.jar;C:\Users\cristina.manitiu\.m2\repository\org\springframework\spring-web\4.3.13.RELEASE\spring-web-4.3.13.RELEASE.jar;C:\Users\cristina.manitiu\.m2\repository\org\springframework\spring-aop\4.3.13.RELEASE\spring-aop-4.3.13.RELEASE.jar;C:\Users\cristina.manitiu\.m2\repository\org\springframework\spring-beans\4.3.13.RELEASE\spring-beans-4.3.13.RELEASE.jar;C:\Users\cristina.manitiu\.m2\repository\org\springframework\spring-context\4.3.13.RELEASE\spring-context-4.3.13.RELEASE.jar;C:\Users\cristina.manitiu\.m2\repository\org\springframework\spring-webmvc\4.3.13.RELEASE\spring-webmvc-4.3.13.RELEASE.jar;C:\Users\cristina.manitiu\.m2\repository\org\springframework\spring-expression\4.3.13.RELEASE\spring-expression-4.3.13.RELEASE.jar;C:\Users\cristina.manitiu\.m2\repository\org\springframework\boot\spring-boot-starter-test\1.5.9.RELEASE\spring-boot-starter-test-1.5.9.RELEASE.jar;C:\Users\cristina.manitiu\.m2\repository\org\springframework\boot\spring-boot-test\1.5.9.RELEASE\spring-boot-test-1.5.9.RELEASE.jar;C:\Users\cristina.manitiu\.m2\repository\org\springframework\boot\spring-boot-test-autoconfigure\1.5.9.RELEASE\spring-boot-test-autoconfigure-1.5.9.RELEASE.jar;C:\Users\cristina.manitiu\.m2\repository\com\jayway\jsonpath\json-path\2.2.0\json-path-2.2.0.jar;C:\Users\cristina.manitiu\.m2\repository\net\minidev\json-smart\2.2.1\json-smart-2.2.1.jar;C:\Users\cristina.manitiu\.m2\repository\net\minidev\accessors-smart\1.1\accessors-smart-1.1.jar;C:\Users\cristina.manitiu\.m2\repository\org\ow2\asm\asm\5.0.3\asm-5.0.3.jar;C:\Users\cristina.manitiu\.m2\repository\org\slf4j\slf4j-api\1.7.25\slf4j-api-1.7.25.jar;C:\Users\cristina.manitiu\.m2\repository\junit\junit\4.12\junit-4.12.jar;C:\Users\cristina.manitiu\.m2\repository\org\assertj\assertj-core\2.6.0\assertj-core-2.6.0.jar;C:\Users\cristina.manitiu\.m2\repository\org\mockito\mockito-core\1.10.19\mockito-core-1.10.19.jar;C:\Users\cristina.manitiu\.m2\repository\org\objenesis\objenesis\2.1\objenesis-2.1.jar;C:\Users\cristina.manitiu\.m2\repository\org\hamcrest\hamcrest-core\1.3\hamcrest-core-1.3.jar;C:\Users\cristina.manitiu\.m2\repository\org\hamcrest\hamcrest-library\1.3\hamcrest-library-1.3.jar;C:\Users\cristina.manitiu\.m2\repository\org\skyscreamer\jsonassert\1.4.0\jsonassert-1.4.0.jar;C:\Users\cristina.manitiu\.m2\repository\com\vaadin\external\google\android-json\0.0.20131108.vaadin1\android-json-0.0.20131108.vaadin1.jar;C:\Users\cristina.manitiu\.m2\repository\org\springframework\spring-core\4.3.13.RELEASE\spring-core-4.3.13.RELEASE.jar;C:\Users\cristina.manitiu\.m2\repository\org\springframework\spring-test\4.3.13.RELEASE\spring-test-4.3.13.RELEASE.jar;C:\Users\cristina.manitiu\.m2\repository\org\springframework\boot\spring-boot-starter-actuator\1.5.9.RELEASE\spring-boot-starter-actuator-1.5.9.RELEASE.jar;C:\Users\cristina.manitiu\.m2\repository\org\springframework\boot\spring-boot-actuator\1.5.9.RELEASE\spring-boot-actuator-1.5.9.RELEASE.jar;, java.specification.name=Java Platform API Specification, java.class.version=52.0, sun.management.compiler=HotSpot 64-Bit Tiered Compilers, os.version=10.0, user.home=C:\Users\cristina.manitiu, user.timezone=Europe/Athens, java.awt.printerjob=sun.awt.windows.WPrinterJob, file.encoding=Cp1252, java.specification.version=1.8, java.class.path=D:\Backup Softvision\Projects\REST_Learn\target\test-classes;D:\Backup Softvision\Projects\REST_Learn\target\classes;C:\Users\cristina.manitiu\.m2\repository\org\springframework\boot\spring-boot-starter-web\1.5.9.RELEASE\spring-boot-starter-web-1.5.9.RELEASE.jar;C:\Users\cristina.manitiu\.m2\repository\org\springframework\boot\spring-boot-starter\1.5.9.RELEASE\spring-boot-starter-1.5.9.RELEASE.jar;C:\Users\cristina.manitiu\.m2\repository\org\springframework\boot\spring-boot\1.5.9.RELEASE\spring-boot-1.5.9.RELEASE.jar;C:\Users\cristina.manitiu\.m2\repository\org\springframework\boot\spring-boot-autoconfigure\1.5.9.RELEASE\spring-boot-autoconfigure-1.5.9.RELEASE.jar;C:\Users\cristina.manitiu\.m2\repository\org\springframework\boot\spring-boot-starter-logging\1.5.9.RELEASE\spring-boot-starter-logging-1.5.9.RELEASE.jar;C:\Users\cristina.manitiu\.m2\repository\ch\qos\logback\logback-classic\1.1.11\logback-classic-1.1.11.jar;C:\Users\cristina.manitiu\.m2\repository\ch\qos\logback\logback-core\1.1.11\logback-core-1.1.11.jar;C:\Users\cristina.manitiu\.m2\repository\org\slf4j\jcl-over-slf4j\1.7.25\jcl-over-slf4j-1.7.25.jar;C:\Users\cristina.manitiu\.m2\repository\org\slf4j\jul-to-slf4j\1.7.25\jul-to-slf4j-1.7.25.jar;C:\Users\cristina.manitiu\.m2\repository\org\slf4j\log4j-over-slf4j\1.7.25\log4j-over-slf4j-1.7.25.jar;C:\Users\cristina.manitiu\.m2\repository\org\yaml\snakeyaml\1.17\snakeyaml-1.17.jar;C:\Users\cristina.manitiu\.m2\repository\org\springframework\boot\spring-boot-starter-tomcat\1.5.9.RELEASE\spring-boot-starter-tomcat-1.5.9.RELEASE.jar;C:\Users\cristina.manitiu\.m2\repository\org\apache\tomcat\embed\tomcat-embed-core\8.5.23\tomcat-embed-core-8.5.23.jar;C:\Users\cristina.manitiu\.m2\repository\org\apache\tomcat\tomcat-annotations-api\8.5.23\tomcat-annotations-api-8.5.23.jar;C:\Users\cristina.manitiu\.m2\repository\org\apache\tomcat\embed\tomcat-embed-el\8.5.23\tomcat-embed-el-8.5.23.jar;C:\Users\cristina.manitiu\.m2\repository\org\apache\tomcat\embed\tomcat-embed-websocket\8.5.23\tomcat-embed-websocket-8.5.23.jar;C:\Users\cristina.manitiu\.m2\repository\org\hibernate\hibernate-validator\5.3.6.Final\hibernate-validator-5.3.6.Final.jar;C:\Users\cristina.manitiu\.m2\repository\javax\validation\validation-api\1.1.0.Final\validation-api-1.1.0.Final.jar;C:\Users\cristina.manitiu\.m2\repository\org\jboss\logging\jboss-logging\3.3.1.Final\jboss-logging-3.3.1.Final.jar;C:\Users\cristina.manitiu\.m2\repository\com\fasterxml\classmate\1.3.4\classmate-1.3.4.jar;C:\Users\cristina.manitiu\.m2\repository\com\fasterxml\jackson\core\jackson-databind\2.8.10\jackson-databind-2.8.10.jar;C:\Users\cristina.manitiu\.m2\repository\com\fasterxml\jackson\core\jackson-annotations\2.8.0\jackson-annotations-2.8.0.jar;C:\Users\cristina.manitiu\.m2\repository\com\fasterxml\jackson\core\jackson-core\2.8.10\jackson-core-2.8.10.jar;C:\Users\cristina.manitiu\.m2\repository\org\springframework\spring-web\4.3.13.RELEASE\spring-web-4.3.13.RELEASE.jar;C:\Users\cristina.manitiu\.m2\repository\org\springframework\spring-aop\4.3.13.RELEASE\spring-aop-4.3.13.RELEASE.jar;C:\Users\cristina.manitiu\.m2\repository\org\springframework\spring-beans\4.3.13.RELEASE\spring-beans-4.3.13.RELEASE.jar;C:\Users\cristina.manitiu\.m2\repository\org\springframework\spring-context\4.3.13.RELEASE\spring-context-4.3.13.RELEASE.jar;C:\Users\cristina.manitiu\.m2\repository\org\springframework\spring-webmvc\4.3.13.RELEASE\spring-webmvc-4.3.13.RELEASE.jar;C:\Users\cristina.manitiu\.m2\repository\org\springframework\spring-expression\4.3.13.RELEASE\spring-expression-4.3.13.RELEASE.jar;C:\Users\cristina.manitiu\.m2\repository\org\springframework\boot\spring-boot-starter-test\1.5.9.RELEASE\spring-boot-starter-test-1.5.9.RELEASE.jar;C:\Users\cristina.manitiu\.m2\repository\org\springframework\boot\spring-boot-test\1.5.9.RELEASE\spring-boot-test-1.5.9.RELEASE.jar;C:\Users\cristina.manitiu\.m2\repository\org\springframework\boot\spring-boot-test-autoconfigure\1.5.9.RELEASE\spring-boot-test-autoconfigure-1.5.9.RELEASE.jar;C:\Users\cristina.manitiu\.m2\repository\com\jayway\jsonpath\json-path\2.2.0\json-path-2.2.0.jar;C:\Users\cristina.manitiu\.m2\repository\net\minidev\json-smart\2.2.1\json-smart-2.2.1.jar;C:\Users\cristina.manitiu\.m2\repository\net\minidev\accessors-smart\1.1\accessors-smart-1.1.jar;C:\Users\cristina.manitiu\.m2\repository\org\ow2\asm\asm\5.0.3\asm-5.0.3.jar;C:\Users\cristina.manitiu\.m2\repository\org\slf4j\slf4j-api\1.7.25\slf4j-api-1.7.25.jar;C:\Users\cristina.manitiu\.m2\repository\junit\junit\4.12\junit-4.12.jar;C:\Users\cristina.manitiu\.m2\repository\org\assertj\assertj-core\2.6.0\assertj-core-2.6.0.jar;C:\Users\cristina.manitiu\.m2\repository\org\mockito\mockito-core\1.10.19\mockito-core-1.10.19.jar;C:\Users\cristina.manitiu\.m2\repository\org\objenesis\objenesis\2.1\objenesis-2.1.jar;C:\Users\cristina.manitiu\.m2\repository\org\hamcrest\hamcrest-core\1.3\hamcrest-core-1.3.jar;C:\Users\cristina.manitiu\.m2\repository\org\hamcrest\hamcrest-library\1.3\hamcrest-library-1.3.jar;C:\Users\cristina.manitiu\.m2\repository\org\skyscreamer\jsonassert\1.4.0\jsonassert-1.4.0.jar;C:\Users\cristina.manitiu\.m2\repository\com\vaadin\external\google\android-json\0.0.20131108.vaadin1\android-json-0.0.20131108.vaadin1.jar;C:\Users\cristina.manitiu\.m2\repository\org\springframework\spring-core\4.3.13.RELEASE\spring-core-4.3.13.RELEASE.jar;C:\Users\cristina.manitiu\.m2\repository\org\springframework\spring-test\4.3.13.RELEASE\spring-test-4.3.13.RELEASE.jar;C:\Users\cristina.manitiu\.m2\repository\org\springframework\boot\spring-boot-starter-actuator\1.5.9.RELEASE\spring-boot-starter-actuator-1.5.9.RELEASE.jar;C:\Users\cristina.manitiu\.m2\repository\org\springframework\boot\spring-boot-actuator\1.5.9.RELEASE\spring-boot-actuator-1.5.9.RELEASE.jar;, user.name=cristina.manitiu, java.vm.specification.version=1.8, sun.java.command=D:\Backup Softvision\Projects\REST_Learn\target\surefire\surefirebooter2656535735922352547.jar D:\Backup Softvision\Projects\REST_Learn\target\surefire\surefire7565310705206277903tmp D:\Backup Softvision\Projects\REST_Learn\target\surefire\surefire_01140433278741437043tmp, java.home=C:\Program Files\Java\jdk1.8.0_151\jre, sun.arch.data.model=64, user.language=en, java.specification.vendor=Oracle Corporation, awt.toolkit=sun.awt.windows.WToolkit, java.vm.info=mixed mode, java.version=1.8.0_151, java.ext.dirs=C:\Program Files\Java\jdk1.8.0_151\jre\lib\ext;C:\Windows\Sun\Java\lib\ext, sun.boot.class.path=C:\Program Files\Java\jdk1.8.0_151\jre\lib\resources.jar;C:\Program Files\Java\jdk1.8.0_151\jre\lib\rt.jar;C:\Program Files\Java\jdk1.8.0_151\jre\lib\sunrsasign.jar;C:\Program Files\Java\jdk1.8.0_151\jre\lib\jsse.jar;C:\Program Files\Java\jdk1.8.0_151\jre\lib\jce.jar;C:\Program Files\Java\jdk1.8.0_151\jre\lib\charsets.jar;C:\Program Files\Java\jdk1.8.0_151\jre\lib\jfr.jar;C:\Program Files\Java\jdk1.8.0_151\jre\classes, java.vendor=Oracle Corporation, localRepository=C:\Users\cristina.manitiu\.m2\repository, file.separator=\, SkipTests=true, java.vendor.url.bug=http://bugreport.sun.com/bugreport/, sun.io.unicode.encoding=UnicodeLittle, sun.cpu.endian=little, sun.desktop=windows, sun.cpu.isalist=amd64}}, SystemEnvironmentPropertySource@386163331 {name='systemEnvironment', properties={PATH=C:\Program Files\Java\jdk1.8.0_151\bin;C:\ProgramData\Oracle\Java\javapath;C:\Windows\system32;C:\Windows;C:\Windows\System32\Wbem;C:\Windows\System32\WindowsPowerShell\v1.0\;C:\Program Files (x86)\Kaspersky Lab\Kaspersky Endpoint Security 10 for Windows SP2\;C:\Program Files\PuTTY\;C:\Program Files (x86)\Skype\Phone\;C:\Program Files\Git\cmd;D:\apache-maven-3.3.9\bin;C:\Users\cristina.manitiu\AppData\Local\Microsoft\WindowsApps;, USERDOMAIN_ROAMINGPROFILE=P6728, PROCESSOR_LEVEL=6, SYSTEMDRIVE=C:, SESSIONNAME=Console, ALLUSERSPROFILE=C:\ProgramData, PROCESSOR_ARCHITECTURE=AMD64, PROGRAMFILES=C:\Program Files, PSMODULEPATH=C:\Program Files\WindowsPowerShell\Modules;C:\Windows\system32\WindowsPowerShell\v1.0\Modules, PROGRAMDATA=C:\ProgramData, USERNAME=cristina.manitiu, WDIR=D:\, FPS_BROWSER_USER_PROFILE_STRING=Default, ONEDRIVE=C:\Users\cristina.manitiu\OneDrive, PATHEXT=.COM;.EXE;.BAT;.CMD;.VBS;.VBE;.JS;.JSE;.WSF;.WSH;.MSC, CLASSWORLDS_JAR="D:\apache-maven-3.3.9\boot\plexus-classworlds-2.5.2.jar", WINDIR=C:\Windows, HOMEPATH=\Users\cristina.manitiu, PROCESSOR_IDENTIFIER=Intel64 Family 6 Model 158 Stepping 9, GenuineIntel, M2_HOME=D:\apache-maven-3.3.9, MAVEN_JAVA_EXE="C:\Program Files\Java\jdk1.8.0_151\bin\java.exe", PUBLIC=C:\Users\Public, =::=::\, =EXITCODE=00000001, LOCALAPPDATA=C:\Users\cristina.manitiu\AppData\Local, COMMONPROGRAMFILES(X86)=C:\Program Files (x86)\Common Files, USERDOMAIN=P6728, FPS_BROWSER_APP_PROFILE_STRING=Internet Explorer, LOGONSERVER=\\P6728, JAVA_HOME=C:\Program Files\Java\jdk1.8.0_151, PROMPT=$P$G, PROGRAMFILES(X86)=C:\Program Files (x86), TERM=xterm-256color, ERROR_CODE=0, EXEC_DIR=D:\Backup Softvision\Projects\REST_Learn, APPDATA=C:\Users\cristina.manitiu\AppData\Roaming, PROGRAMW6432=C:\Program Files, SYSTEMROOT=C:\Windows, MAVEN_CMD_LINE_ARGS=package -DSkipTests, OS=Windows_NT, COMMONPROGRAMW6432=C:\Program Files\Common Files, COMPUTERNAME=P6728, COMMONPROGRAMFILES=C:\Program Files\Common Files, COMSPEC=C:\Windows\system32\cmd.exe, MAVEN_PROJECTBASEDIR=D:\Backup Softvision\Projects\REST_Learn, PROCESSOR_REVISION=9e09, CLASSWORLDS_LAUNCHER=org.codehaus.plexus.classworlds.launcher.Launcher, =D:=D:\Backup Softvision\Projects\REST_Learn, TEMP=C:\Users\CRISTI~1.MAN\AppData\Local\Temp, HOMEDRIVE=C:, USERPROFILE=C:\Users\cristina.manitiu, TMP=C:\Users\CRISTI~1.MAN\AppData\Local\Temp, NUMBER_OF_PROCESSORS=4, HOME=C:\Users\cristina.manitiu}}]
15:43:57.233 [main] DEBUG org.springframework.core.env.MutablePropertySources - Adding PropertySource 'inline' with highest search precedence
15:43:57.237 [main] DEBUG org.springframework.test.context.support.TestPropertySourceUtils - Adding inlined properties to environment: {spring.jmx.enabled=false, org.springframework.boot.test.context.SpringBootTestContextBootstrapper=true, server.port=-1}
15:43:57.237 [main] DEBUG org.springframework.core.env.StandardEnvironment - Adding PropertySource 'Inlined Test Properties' with highest search precedence

  .   ____          _            __ _ _
 /\\ / ___'_ __ _ _(_)_ __  __ _ \ \ \ \
( ( )\___ | '_ | '_| | '_ \/ _` | \ \ \ \
 \\/  ___)| |_)| | | | | || (_| |  ) ) ) )
  '  |____| .__|_| |_|_| |_\__, | / / / /
 =========|_|==============|___/=/_/_/_/
 :: Spring Boot ::        (v1.5.9.RELEASE)

2018-01-10 15:43:57.489  INFO 10816 --- [           main] hello.HelloControllerTest                : Starting HelloControllerTest on P6728 with PID 10816 (started by cristina.manitiu in D:\Backup Softvision\Projects\REST_Learn)
2018-01-10 15:43:57.490  INFO 10816 --- [           main] hello.HelloControllerTest                : No active profile set, falling back to default profiles: default
2018-01-10 15:43:57.509  INFO 10816 --- [           main] o.s.w.c.s.GenericWebApplicationContext   : Refreshing org.springframework.web.context.support.GenericWebApplicationContext@27ff5d15: startup date [Wed Jan 10 15:43:57 EET 2018]; root of context hierarchy
2018-01-10 15:43:58.609  INFO 10816 --- [           main] o.s.b.t.m.w.SpringBootMockServletContext : Initializing Spring FrameworkServlet ''
2018-01-10 15:43:58.609  INFO 10816 --- [           main] o.s.t.web.servlet.TestDispatcherServlet  : FrameworkServlet '': initialization started
2018-01-10 15:43:58.735  INFO 10816 --- [           main] s.w.s.m.m.a.RequestMappingHandlerMapping : Mapped "{[/greetings]}" onto public java.lang.String hello.HelloController.index()
2018-01-10 15:43:58.737  INFO 10816 --- [           main] s.w.s.m.m.a.RequestMappingHandlerMapping : Mapped "{[/error]}" onto public org.springframework.http.ResponseEntity<java.util.Map<java.lang.String, java.lang.Object>> org.springframework.boot.autoconfigure.web.BasicErrorController.error(javax.servlet.http.HttpServletRequest)
2018-01-10 15:43:58.738  INFO 10816 --- [           main] s.w.s.m.m.a.RequestMappingHandlerMapping : Mapped "{[/error],produces=[text/html]}" onto public org.springframework.web.servlet.ModelAndView org.springframework.boot.autoconfigure.web.BasicErrorController.errorHtml(javax.servlet.http.HttpServletRequest,javax.servlet.http.HttpServletResponse)
2018-01-10 15:43:58.763  INFO 10816 --- [           main] o.s.w.s.handler.SimpleUrlHandlerMapping  : Mapped URL path [/webjars/**] onto handler of type [class org.springframework.web.servlet.resource.ResourceHttpRequestHandler]
2018-01-10 15:43:58.764  INFO 10816 --- [           main] o.s.w.s.handler.SimpleUrlHandlerMapping  : Mapped URL path [/**] onto handler of type [class org.springframework.web.servlet.resource.ResourceHttpRequestHandler]
2018-01-10 15:43:58.777  INFO 10816 --- [           main] o.s.w.s.handler.SimpleUrlHandlerMapping  : Mapped URL path [/**/favicon.ico] onto handler of type [class org.springframework.web.servlet.resource.ResourceHttpRequestHandler]
2018-01-10 15:43:58.941  INFO 10816 --- [           main] o.s.b.a.e.mvc.EndpointHandlerMapping     : Mapped "{[/metrics/{name:.*}],methods=[GET],produces=[application/vnd.spring-boot.actuator.v1+json || application/json]}" onto public java.lang.Object org.springframework.boot.actuate.endpoint.mvc.MetricsMvcEndpoint.value(java.lang.String)
2018-01-10 15:43:58.942  INFO 10816 --- [           main] o.s.b.a.e.mvc.EndpointHandlerMapping     : Mapped "{[/metrics || /metrics.json],methods=[GET],produces=[application/vnd.spring-boot.actuator.v1+json || application/json]}" onto public java.lang.Object org.springframework.boot.actuate.endpoint.mvc.EndpointMvcAdapter.invoke()
2018-01-10 15:43:58.942  INFO 10816 --- [           main] o.s.b.a.e.mvc.EndpointHandlerMapping     : Mapped "{[/mappings || /mappings.json],methods=[GET],produces=[application/vnd.spring-boot.actuator.v1+json || application/json]}" onto public java.lang.Object org.springframework.boot.actuate.endpoint.mvc.EndpointMvcAdapter.invoke()
2018-01-10 15:43:58.943  INFO 10816 --- [           main] o.s.b.a.e.mvc.EndpointHandlerMapping     : Mapped "{[/auditevents || /auditevents.json],methods=[GET],produces=[application/vnd.spring-boot.actuator.v1+json || application/json]}" onto public org.springframework.http.ResponseEntity<?> org.springframework.boot.actuate.endpoint.mvc.AuditEventsMvcEndpoint.findByPrincipalAndAfterAndType(java.lang.String,java.util.Date,java.lang.String)
2018-01-10 15:43:58.943  INFO 10816 --- [           main] o.s.b.a.e.mvc.EndpointHandlerMapping     : Mapped "{[/info || /info.json],methods=[GET],produces=[application/vnd.spring-boot.actuator.v1+json || application/json]}" onto public java.lang.Object org.springframework.boot.actuate.endpoint.mvc.EndpointMvcAdapter.invoke()
2018-01-10 15:43:58.947  INFO 10816 --- [           main] o.s.b.a.e.mvc.EndpointHandlerMapping     : Mapped "{[/loggers/{name:.*}],methods=[GET],produces=[application/vnd.spring-boot.actuator.v1+json || application/json]}" onto public java.lang.Object org.springframework.boot.actuate.endpoint.mvc.LoggersMvcEndpoint.get(java.lang.String)
2018-01-10 15:43:58.947  INFO 10816 --- [           main] o.s.b.a.e.mvc.EndpointHandlerMapping     : Mapped "{[/loggers/{name:.*}],methods=[POST],consumes=[application/vnd.spring-boot.actuator.v1+json || application/json],produces=[application/vnd.spring-boot.actuator.v1+json || application/json]}" onto public java.lang.Object org.springframework.boot.actuate.endpoint.mvc.LoggersMvcEndpoint.set(java.lang.String,java.util.Map<java.lang.String, java.lang.String>)
2018-01-10 15:43:58.947  INFO 10816 --- [           main] o.s.b.a.e.mvc.EndpointHandlerMapping     : Mapped "{[/loggers || /loggers.json],methods=[GET],produces=[application/vnd.spring-boot.actuator.v1+json || application/json]}" onto public java.lang.Object org.springframework.boot.actuate.endpoint.mvc.EndpointMvcAdapter.invoke()
2018-01-10 15:43:58.949  INFO 10816 --- [           main] o.s.b.a.e.mvc.EndpointHandlerMapping     : Mapped "{[/beans || /beans.json],methods=[GET],produces=[application/vnd.spring-boot.actuator.v1+json || application/json]}" onto public java.lang.Object org.springframework.boot.actuate.endpoint.mvc.EndpointMvcAdapter.invoke()
2018-01-10 15:43:58.950  INFO 10816 --- [           main] o.s.b.a.e.mvc.EndpointHandlerMapping     : Mapped "{[/dump || /dump.json],methods=[GET],produces=[application/vnd.spring-boot.actuator.v1+json || application/json]}" onto public java.lang.Object org.springframework.boot.actuate.endpoint.mvc.EndpointMvcAdapter.invoke()
2018-01-10 15:43:58.950  INFO 10816 --- [           main] o.s.b.a.e.mvc.EndpointHandlerMapping     : Mapped "{[/trace || /trace.json],methods=[GET],produces=[application/vnd.spring-boot.actuator.v1+json || application/json]}" onto public java.lang.Object org.springframework.boot.actuate.endpoint.mvc.EndpointMvcAdapter.invoke()
2018-01-10 15:43:58.951  INFO 10816 --- [           main] o.s.b.a.e.mvc.EndpointHandlerMapping     : Mapped "{[/autoconfig || /autoconfig.json],methods=[GET],produces=[application/vnd.spring-boot.actuator.v1+json || application/json]}" onto public java.lang.Object org.springframework.boot.actuate.endpoint.mvc.EndpointMvcAdapter.invoke()
2018-01-10 15:43:58.951  INFO 10816 --- [           main] o.s.b.a.e.mvc.EndpointHandlerMapping     : Mapped "{[/health || /health.json],methods=[GET],produces=[application/vnd.spring-boot.actuator.v1+json || application/json]}" onto public java.lang.Object org.springframework.boot.actuate.endpoint.mvc.HealthMvcEndpoint.invoke(javax.servlet.http.HttpServletRequest,java.security.Principal)
2018-01-10 15:43:58.952  INFO 10816 --- [           main] o.s.b.a.e.mvc.EndpointHandlerMapping     : Mapped "{[/heapdump || /heapdump.json],methods=[GET],produces=[application/octet-stream]}" onto public void org.springframework.boot.actuate.endpoint.mvc.HeapdumpMvcEndpoint.invoke(boolean,javax.servlet.http.HttpServletRequest,javax.servlet.http.HttpServletResponse) throws java.io.IOException,javax.servlet.ServletException
2018-01-10 15:43:58.953  INFO 10816 --- [           main] o.s.b.a.e.mvc.EndpointHandlerMapping     : Mapped "{[/configprops || /configprops.json],methods=[GET],produces=[application/vnd.spring-boot.actuator.v1+json || application/json]}" onto public java.lang.Object org.springframework.boot.actuate.endpoint.mvc.EndpointMvcAdapter.invoke()
2018-01-10 15:43:58.955  INFO 10816 --- [           main] o.s.b.a.e.mvc.EndpointHandlerMapping     : Mapped "{[/env/{name:.*}],methods=[GET],produces=[application/vnd.spring-boot.actuator.v1+json || application/json]}" onto public java.lang.Object org.springframework.boot.actuate.endpoint.mvc.EnvironmentMvcEndpoint.value(java.lang.String)
2018-01-10 15:43:58.955  INFO 10816 --- [           main] o.s.b.a.e.mvc.EndpointHandlerMapping     : Mapped "{[/env || /env.json],methods=[GET],produces=[application/vnd.spring-boot.actuator.v1+json || application/json]}" onto public java.lang.Object org.springframework.boot.actuate.endpoint.mvc.EndpointMvcAdapter.invoke()
2018-01-10 15:43:59.114  INFO 10816 --- [           main] s.w.s.m.m.a.RequestMappingHandlerAdapter : Looking for @ControllerAdvice: org.springframework.web.context.support.GenericWebApplicationContext@27ff5d15: startup date [Wed Jan 10 15:43:57 EET 2018]; root of context hierarchy
2018-01-10 15:43:59.187  INFO 10816 --- [           main] o.s.t.web.servlet.TestDispatcherServlet  : FrameworkServlet '': initialization completed in 578 ms
Let's inspect the beans provided by Spring Boot:
actuatorMetricReader
application
applicationContextIdFilter
auditEventMvcEndpoint
auditEventRepository
auditListener
autoConfigurationReportEndpoint
basicErrorController
beanNameHandlerMapping
beanNameViewResolver
beansEndpoint
characterEncodingFilter
commandLineRunner
configurationPropertiesReportEndpoint
conventionErrorViewResolver
counterBuffers
counterService
defaultServletHandlerMapping
defaultValidator
defaultViewResolver
diskSpaceHealthIndicator
diskSpaceHealthIndicatorProperties
dispatcherServlet
dispatcherServletRegistration
dumpEndpoint
duplicateServerPropertiesDetector
embeddedServletContainerCustomizerBeanPostProcessor
endpointHandlerMapping
endpoints-org.springframework.boot.actuate.endpoint.EndpointProperties
endpoints.cors-org.springframework.boot.actuate.autoconfigure.EndpointCorsProperties
endpoints.health-org.springframework.boot.actuate.autoconfigure.HealthMvcEndpointProperties
endpoints.metrics.filter-org.springframework.boot.actuate.autoconfigure.MetricFilterProperties
envInfoContributor
environmentEndpoint
environmentMvcEndpoint
error
errorAttributes
errorPageCustomizer
errorPageRegistrarBeanPostProcessor
faviconHandlerMapping
faviconRequestHandler
gaugeBuffers
gaugeService
handlerExceptionResolver
healthAggregator
healthEndpoint
healthMvcEndpoint
heapdumpMvcEndpoint
helloController
hiddenHttpMethodFilter
httpPutFormContentFilter
httpRequestHandlerAdapter
infoEndpoint
jacksonObjectMapper
jacksonObjectMapperBuilder
jsonComponentModule
localeCharsetMappingsCustomizer
loggersEndpoint
loggersMvcEndpoint
management.health.status-org.springframework.boot.actuate.autoconfigure.HealthIndicatorProperties
management.info-org.springframework.boot.actuate.autoconfigure.InfoContributorProperties
management.trace-org.springframework.boot.actuate.trace.TraceProperties
managementContextResolver
managementServerProperties
managementServletContext
mappingJackson2HttpMessageConverter
messageConverters
methodValidationPostProcessor
metricReaderPublicMetrics
metricWritersMetricExporter
metricsEndpoint
metricsFilter
metricsMvcEndpoint
mockMvc
mockMvcBuilder
multipartConfigElement
multipartResolver
mvcContentNegotiationManager
mvcConversionService
mvcEndpoints
mvcHandlerMappingIntrospector
mvcPathMatcher
mvcResourceUrlProvider
mvcUriComponentsContributor
mvcUrlPathHelper
mvcValidator
mvcViewResolver
org.springframework.boot.actuate.autoconfigure.AuditAutoConfiguration
org.springframework.boot.actuate.autoconfigure.AuditAutoConfiguration$AuditEventRepositoryConfiguration
org.springframework.boot.actuate.autoconfigure.EndpointAutoConfiguration
org.springframework.boot.actuate.autoconfigure.EndpointAutoConfiguration$RequestMappingEndpointConfiguration
org.springframework.boot.actuate.autoconfigure.EndpointWebMvcAutoConfiguration
org.springframework.boot.actuate.autoconfigure.EndpointWebMvcAutoConfiguration$ApplicationContextFilterConfiguration
org.springframework.boot.actuate.autoconfigure.EndpointWebMvcAutoConfiguration$EndpointWebMvcConfiguration
org.springframework.boot.actuate.autoconfigure.EndpointWebMvcManagementContextConfiguration
org.springframework.boot.actuate.autoconfigure.HealthIndicatorAutoConfiguration
org.springframework.boot.actuate.autoconfigure.HealthIndicatorAutoConfiguration$DiskSpaceHealthIndicatorConfiguration
org.springframework.boot.actuate.autoconfigure.InfoContributorAutoConfiguration
org.springframework.boot.actuate.autoconfigure.ManagementServerPropertiesAutoConfiguration
org.springframework.boot.actuate.autoconfigure.MetricExportAutoConfiguration
org.springframework.boot.actuate.autoconfigure.MetricExportAutoConfiguration$MetricExportPropertiesConfiguration
org.springframework.boot.actuate.autoconfigure.MetricExportAutoConfiguration$StatsdConfiguration
org.springframework.boot.actuate.autoconfigure.MetricFilterAutoConfiguration
org.springframework.boot.actuate.autoconfigure.MetricRepositoryAutoConfiguration
org.springframework.boot.actuate.autoconfigure.MetricRepositoryAutoConfiguration$FastMetricServicesConfiguration
org.springframework.boot.actuate.autoconfigure.PublicMetricsAutoConfiguration
org.springframework.boot.actuate.autoconfigure.PublicMetricsAutoConfiguration$TomcatMetricsConfiguration
org.springframework.boot.actuate.autoconfigure.TraceRepositoryAutoConfiguration
org.springframework.boot.actuate.autoconfigure.TraceWebFilterAutoConfiguration
org.springframework.boot.autoconfigure.AutoConfigurationPackages
org.springframework.boot.autoconfigure.condition.BeanTypeRegistry
org.springframework.boot.autoconfigure.context.ConfigurationPropertiesAutoConfiguration
org.springframework.boot.autoconfigure.context.PropertyPlaceholderAutoConfiguration
org.springframework.boot.autoconfigure.info.ProjectInfoAutoConfiguration
org.springframework.boot.autoconfigure.internalCachingMetadataReaderFactory
org.springframework.boot.autoconfigure.jackson.JacksonAutoConfiguration
org.springframework.boot.autoconfigure.jackson.JacksonAutoConfiguration$Jackson2ObjectMapperBuilderCustomizerConfiguration
org.springframework.boot.autoconfigure.jackson.JacksonAutoConfiguration$JacksonObjectMapperBuilderConfiguration
org.springframework.boot.autoconfigure.jackson.JacksonAutoConfiguration$JacksonObjectMapperConfiguration
org.springframework.boot.autoconfigure.validation.ValidationAutoConfiguration
org.springframework.boot.autoconfigure.web.DispatcherServletAutoConfiguration
org.springframework.boot.autoconfigure.web.DispatcherServletAutoConfiguration$DispatcherServletConfiguration
org.springframework.boot.autoconfigure.web.DispatcherServletAutoConfiguration$DispatcherServletRegistrationConfiguration
org.springframework.boot.autoconfigure.web.EmbeddedServletContainerAutoConfiguration
org.springframework.boot.autoconfigure.web.EmbeddedServletContainerAutoConfiguration$EmbeddedTomcat
org.springframework.boot.autoconfigure.web.ErrorMvcAutoConfiguration
org.springframework.boot.autoconfigure.web.ErrorMvcAutoConfiguration$DefaultErrorViewResolverConfiguration
org.springframework.boot.autoconfigure.web.ErrorMvcAutoConfiguration$WhitelabelErrorViewConfiguration
org.springframework.boot.autoconfigure.web.HttpEncodingAutoConfiguration
org.springframework.boot.autoconfigure.web.HttpMessageConvertersAutoConfiguration
org.springframework.boot.autoconfigure.web.HttpMessageConvertersAutoConfiguration$StringHttpMessageConverterConfiguration
org.springframework.boot.autoconfigure.web.JacksonHttpMessageConvertersConfiguration
org.springframework.boot.autoconfigure.web.JacksonHttpMessageConvertersConfiguration$MappingJackson2HttpMessageConverterConfiguration
org.springframework.boot.autoconfigure.web.MultipartAutoConfiguration
org.springframework.boot.autoconfigure.web.ServerPropertiesAutoConfiguration
org.springframework.boot.autoconfigure.web.WebClientAutoConfiguration
org.springframework.boot.autoconfigure.web.WebClientAutoConfiguration$RestTemplateConfiguration
org.springframework.boot.autoconfigure.web.WebMvcAutoConfiguration
org.springframework.boot.autoconfigure.web.WebMvcAutoConfiguration$EnableWebMvcConfiguration
org.springframework.boot.autoconfigure.web.WebMvcAutoConfiguration$WebMvcAutoConfigurationAdapter
org.springframework.boot.autoconfigure.web.WebMvcAutoConfiguration$WebMvcAutoConfigurationAdapter$FaviconConfiguration
org.springframework.boot.autoconfigure.websocket.WebSocketAutoConfiguration
org.springframework.boot.autoconfigure.websocket.WebSocketAutoConfiguration$TomcatWebSocketConfiguration
org.springframework.boot.context.properties.ConfigurationPropertiesBindingPostProcessor
org.springframework.boot.context.properties.ConfigurationPropertiesBindingPostProcessor.store
org.springframework.boot.test.autoconfigure.web.servlet.MockMvcAutoConfiguration
org.springframework.boot.test.autoconfigure.web.servlet.MockMvcSecurityAutoConfiguration
org.springframework.boot.test.context.ImportsContextCustomizer$ImportsCleanupPostProcessor
org.springframework.boot.test.mock.mockito.MockitoPostProcessor
org.springframework.boot.test.mock.mockito.MockitoPostProcessor$SpyPostProcessor
org.springframework.context.annotation.internalAutowiredAnnotationProcessor
org.springframework.context.annotation.internalCommonAnnotationProcessor
org.springframework.context.annotation.internalConfigurationAnnotationProcessor
org.springframework.context.annotation.internalRequiredAnnotationProcessor
org.springframework.context.annotation.internalScheduledAnnotationProcessor
org.springframework.context.event.internalEventListenerFactory
org.springframework.context.event.internalEventListenerProcessor
org.springframework.scheduling.annotation.SchedulingConfiguration
preserveErrorControllerTargetClassPostProcessor
propertySourcesPlaceholderConfigurer
requestContextFilter
requestMappingEndpoint
requestMappingHandlerAdapter
requestMappingHandlerMapping
resourceHandlerMapping
restTemplateBuilder
serverProperties
shutdownEndpoint
simpleControllerHandlerAdapter
spring.http.encoding-org.springframework.boot.autoconfigure.web.HttpEncodingProperties
spring.http.multipart-org.springframework.boot.autoconfigure.web.MultipartProperties
spring.info-org.springframework.boot.autoconfigure.info.ProjectInfoProperties
spring.jackson-org.springframework.boot.autoconfigure.jackson.JacksonProperties
spring.metrics.export-org.springframework.boot.actuate.metrics.export.MetricExportProperties
spring.mvc-org.springframework.boot.autoconfigure.web.WebMvcProperties
spring.resources-org.springframework.boot.autoconfigure.web.ResourceProperties
springBootMockMvcBuilderCustomizer
standardJacksonObjectMapperBuilderCustomizer
stringHttpMessageConverter
systemPublicMetrics
tomcatEmbeddedServletContainerFactory
tomcatPublicMetrics
traceEndpoint
traceRepository
viewControllerHandlerMapping
viewResolver
webRequestLoggingFilter
websocketContainerCustomizer
welcomePageHandlerMapping
2018-01-10 15:43:59.356  INFO 10816 --- [           main] hello.HelloControllerTest                : Started HelloControllerTest in 2.111 seconds (JVM running for 2.729)

MockHttpServletRequest:
      HTTP Method = GET
      Request URI = /
       Parameters = {}
          Headers = {Accept=[application/json]}

Handler:
             Type = org.springframework.web.servlet.resource.ResourceHttpRequestHandler

Async:
    Async started = false
     Async result = null

Resolved Exception:
             Type = null

ModelAndView:
        View name = null
             View = null
            Model = null

FlashMap:
       Attributes = null

MockHttpServletResponse:
           Status = 404
    Error message = null
          Headers = {X-Application-Context=[application:-1]}
     Content type = null
             Body = 
    Forwarded URL = null
   Redirected URL = null
          Cookies = []
]]></system-out>
  </testcase>
</testsuite>